DEBUG - 2025-09-04 00:07:39 --> Session: Class initialized using 'CodeIgniter\Session\Handlers\FileHandler' driver.
DEBUG - 2025-09-04 00:11:39 --> Session: Class initialized using 'CodeIgniter\Session\Handlers\FileHandler' driver.
DEBUG - 2025-09-04 00:15:01 --> Session: Class initialized using 'CodeIgniter\Session\Handlers\FileHandler' driver.
DEBUG - 2025-09-04 00:19:02 --> Session: Class initialized using 'CodeIgniter\Session\Handlers\FileHandler' driver.
DEBUG - 2025-09-04 00:23:02 --> Session: Class initialized using 'CodeIgniter\Session\Handlers\FileHandler' driver.
DEBUG - 2025-09-04 00:25:17 --> Session: Class initialized using 'CodeIgniter\Session\Handlers\FileHandler' driver.
DEBUG - 2025-09-04 00:28:19 --> Session: Class initialized using 'CodeIgniter\Session\Handlers\FileHandler' driver.
DEBUG - 2025-09-04 00:28:21 --> Session: Class initialized using 'CodeIgniter\Session\Handlers\FileHandler' driver.
DEBUG - 2025-09-04 00:30:51 --> Session: Class initialized using 'CodeIgniter\Session\Handlers\FileHandler' driver.
DEBUG - 2025-09-04 00:47:38 --> Session: Class initialized using 'CodeIgniter\Session\Handlers\FileHandler' driver.
DEBUG - 2025-09-04 00:47:40 --> Session: Class initialized using 'CodeIgniter\Session\Handlers\FileHandler' driver.
DEBUG - 2025-09-04 00:51:53 --> Session: Class initialized using 'CodeIgniter\Session\Handlers\FileHandler' driver.
DEBUG - 2025-09-04 01:17:07 --> Session: Class initialized using 'CodeIgniter\Session\Handlers\FileHandler' driver.
DEBUG - 2025-09-04 01:17:11 --> Session: Class initialized using 'CodeIgniter\Session\Handlers\FileHandler' driver.
DEBUG - 2025-09-04 01:32:49 --> Session: Class initialized using 'CodeIgniter\Session\Handlers\FileHandler' driver.
DEBUG - 2025-09-04 01:46:33 --> Session: Class initialized using 'CodeIgniter\Session\Handlers\FileHandler' driver.
DEBUG - 2025-09-04 01:51:04 --> Session: Class initialized using 'CodeIgniter\Session\Handlers\FileHandler' driver.
DEBUG - 2025-09-04 01:51:06 --> Session: Class initialized using 'CodeIgniter\Session\Handlers\FileHandler' driver.
DEBUG - 2025-09-04 01:52:49 --> Session: Class initialized using 'CodeIgniter\Session\Handlers\FileHandler' driver.
DEBUG - 2025-09-04 01:56:50 --> Session: Class initialized using 'CodeIgniter\Session\Handlers\FileHandler' driver.
DEBUG - 2025-09-04 01:59:39 --> Session: Class initialized using 'CodeIgniter\Session\Handlers\FileHandler' driver.
DEBUG - 2025-09-04 01:59:40 --> Session: Class initialized using 'CodeIgniter\Session\Handlers\FileHandler' driver.
DEBUG - 2025-09-04 02:30:43 --> Session: Class initialized using 'CodeIgniter\Session\Handlers\FileHandler' driver.
DEBUG - 2025-09-04 02:30:49 --> Session: Class initialized using 'CodeIgniter\Session\Handlers\FileHandler' driver.
DEBUG - 2025-09-04 02:40:04 --> Session: Class initialized using 'CodeIgniter\Session\Handlers\FileHandler' driver.
DEBUG - 2025-09-04 02:40:51 --> Session: Class initialized using 'CodeIgniter\Session\Handlers\FileHandler' driver.
DEBUG - 2025-09-04 02:40:51 --> Session: Class initialized using 'CodeIgniter\Session\Handlers\FileHandler' driver.
DEBUG - 2025-09-04 02:49:39 --> Session: Class initialized using 'CodeIgniter\Session\Handlers\FileHandler' driver.
DEBUG - 2025-09-04 02:58:40 --> Session: Class initialized using 'CodeIgniter\Session\Handlers\FileHandler' driver.
DEBUG - 2025-09-04 03:03:19 --> Session: Class initialized using 'CodeIgniter\Session\Handlers\FileHandler' driver.
DEBUG - 2025-09-04 03:04:00 --> Session: Class initialized using 'CodeIgniter\Session\Handlers\FileHandler' driver.
DEBUG - 2025-09-04 03:07:28 --> Session: Class initialized using 'CodeIgniter\Session\Handlers\FileHandler' driver.
DEBUG - 2025-09-04 03:07:28 --> Session: Class initialized using 'CodeIgniter\Session\Handlers\FileHandler' driver.
DEBUG - 2025-09-04 03:08:51 --> Session: Class initialized using 'CodeIgniter\Session\Handlers\FileHandler' driver.
DEBUG - 2025-09-04 03:23:12 --> Session: Class initialized using 'CodeIgniter\Session\Handlers\FileHandler' driver.
DEBUG - 2025-09-04 03:23:14 --> Session: Class initialized using 'CodeIgniter\Session\Handlers\FileHandler' driver.
DEBUG - 2025-09-04 03:49:57 --> Session: Class initialized using 'CodeIgniter\Session\Handlers\FileHandler' driver.
INFO - 2025-09-04 03:50:12 --> CSRF token verified.
DEBUG - 2025-09-04 03:50:12 --> Session: Class initialized using 'CodeIgniter\Session\Handlers\FileHandler' driver.
DEBUG - 2025-09-04 03:50:12 --> Session: Class initialized using 'CodeIgniter\Session\Handlers\FileHandler' driver.
DEBUG - 2025-09-04 03:50:14 --> Session: Class initialized using 'CodeIgniter\Session\Handlers\FileHandler' driver.
DEBUG - 2025-09-04 03:50:16 --> Session: Class initialized using 'CodeIgniter\Session\Handlers\FileHandler' driver.
DEBUG - 2025-09-04 03:50:18 --> Session: Class initialized using 'CodeIgniter\Session\Handlers\FileHandler' driver.
DEBUG - 2025-09-04 03:50:25 --> Session: Class initialized using 'CodeIgniter\Session\Handlers\FileHandler' driver.
DEBUG - 2025-09-04 03:50:31 --> Session: Class initialized using 'CodeIgniter\Session\Handlers\FileHandler' driver.
DEBUG - 2025-09-04 03:50:31 --> Session: Class initialized using 'CodeIgniter\Session\Handlers\FileHandler' driver.
DEBUG - 2025-09-04 03:50:34 --> Session: Class initialized using 'CodeIgniter\Session\Handlers\FileHandler' driver.
DEBUG - 2025-09-04 03:50:37 --> Session: Class initialized using 'CodeIgniter\Session\Handlers\FileHandler' driver.
DEBUG - 2025-09-04 03:50:38 --> Session: Class initialized using 'CodeIgniter\Session\Handlers\FileHandler' driver.
DEBUG - 2025-09-04 03:50:40 --> Session: Class initialized using 'CodeIgniter\Session\Handlers\FileHandler' driver.
DEBUG - 2025-09-04 03:50:44 --> Session: Class initialized using 'CodeIgniter\Session\Handlers\FileHandler' driver.
DEBUG - 2025-09-04 03:53:41 --> Session: Class initialized using 'CodeIgniter\Session\Handlers\FileHandler' driver.
DEBUG - 2025-09-04 03:54:27 --> Session: Class initialized using 'CodeIgniter\Session\Handlers\FileHandler' driver.
DEBUG - 2025-09-04 03:56:17 --> Session: Class initialized using 'CodeIgniter\Session\Handlers\FileHandler' driver.
DEBUG - 2025-09-04 03:57:39 --> Session: Class initialized using 'CodeIgniter\Session\Handlers\FileHandler' driver.
CRITICAL - 2025-09-04 03:57:39 --> ErrorException: Undefined array key "name"
[Method: GET, Route: download-invoice/2]
in APPPATH/Views/admin/order/invoice.php on line 36.
 1 APPPATH/Views/admin/order/invoice.php(36): CodeIgniter\Debug\Exceptions->errorHandler()
 2 SYSTEMPATH/View/View.php(224): include('/home/u810214334/domains/supermetplast.com/public_html/app/Views/admin/order/invoice.php')
 3 SYSTEMPATH/View/View.php(227): CodeIgniter\View\View->CodeIgniter\View\{closure}()
 4 SYSTEMPATH/Common.php(1173): CodeIgniter\View\View->render()
 5 APPPATH/Controllers/Orders.php(468): view()
 6 SYSTEMPATH/CodeIgniter.php(933): App\Controllers\Orders->download_invoice()
 7 SYSTEMPATH/CodeIgniter.php(507): CodeIgniter\CodeIgniter->runController()
 8 SYSTEMPATH/CodeIgniter.php(354): CodeIgniter\CodeIgniter->handleRequest()
 9 SYSTEMPATH/Boot.php(334): CodeIgniter\CodeIgniter->run()
10 SYSTEMPATH/Boot.php(67): CodeIgniter\Boot::runCodeIgniter()
11 FCPATH/index.php(60): CodeIgniter\Boot::bootWeb()
DEBUG - 2025-09-04 03:58:04 --> Session: Class initialized using 'CodeIgniter\Session\Handlers\FileHandler' driver.
DEBUG - 2025-09-04 03:58:08 --> Session: Class initialized using 'CodeIgniter\Session\Handlers\FileHandler' driver.
DEBUG - 2025-09-04 04:00:12 --> Session: Class initialized using 'CodeIgniter\Session\Handlers\FileHandler' driver.
DEBUG - 2025-09-04 04:02:03 --> Session: Class initialized using 'CodeIgniter\Session\Handlers\FileHandler' driver.
DEBUG - 2025-09-04 04:03:00 --> Session: Class initialized using 'CodeIgniter\Session\Handlers\FileHandler' driver.
DEBUG - 2025-09-04 04:03:37 --> Session: Class initialized using 'CodeIgniter\Session\Handlers\FileHandler' driver.
DEBUG - 2025-09-04 04:05:30 --> Session: Class initialized using 'CodeIgniter\Session\Handlers\FileHandler' driver.
DEBUG - 2025-09-04 04:08:16 --> Session: Class initialized using 'CodeIgniter\Session\Handlers\FileHandler' driver.
DEBUG - 2025-09-04 04:10:21 --> Session: Class initialized using 'CodeIgniter\Session\Handlers\FileHandler' driver.
DEBUG - 2025-09-04 04:13:05 --> Session: Class initialized using 'CodeIgniter\Session\Handlers\FileHandler' driver.
CRITICAL - 2025-09-04 04:13:45 --> CodeIgniter\HTTP\Exceptions\HTTPException: The route for "https://supermetplast.com/" cannot be found.
[Method: GET, Route: category/index.html]
in SYSTEMPATH/HTTP/RedirectResponse.php on line 63.
 1 SYSTEMPATH/HTTP/RedirectResponse.php(63): CodeIgniter\HTTP\Exceptions\HTTPException::forInvalidRedirectRoute()
 2 SYSTEMPATH/Common.php(855): CodeIgniter\HTTP\RedirectResponse->route()
 3 APPPATH/Controllers/Home.php(129): redirect()
 4 SYSTEMPATH/CodeIgniter.php(933): App\Controllers\Home->category_search()
 5 SYSTEMPATH/CodeIgniter.php(507): CodeIgniter\CodeIgniter->runController()
 6 SYSTEMPATH/CodeIgniter.php(354): CodeIgniter\CodeIgniter->handleRequest()
 7 SYSTEMPATH/Boot.php(334): CodeIgniter\CodeIgniter->run()
 8 SYSTEMPATH/Boot.php(67): CodeIgniter\Boot::runCodeIgniter()
 9 FCPATH/index.php(60): CodeIgniter\Boot::bootWeb()
DEBUG - 2025-09-04 04:14:58 --> Session: Class initialized using 'CodeIgniter\Session\Handlers\FileHandler' driver.
DEBUG - 2025-09-04 04:17:03 --> Session: Class initialized using 'CodeIgniter\Session\Handlers\FileHandler' driver.
DEBUG - 2025-09-04 04:24:14 --> Session: Class initialized using 'CodeIgniter\Session\Handlers\FileHandler' driver.
DEBUG - 2025-09-04 04:25:26 --> Session: Class initialized using 'CodeIgniter\Session\Handlers\FileHandler' driver.
DEBUG - 2025-09-04 04:29:00 --> Session: Class initialized using 'CodeIgniter\Session\Handlers\FileHandler' driver.
DEBUG - 2025-09-04 04:29:49 --> Session: Class initialized using 'CodeIgniter\Session\Handlers\FileHandler' driver.
DEBUG - 2025-09-04 04:30:21 --> Session: Class initialized using 'CodeIgniter\Session\Handlers\FileHandler' driver.
DEBUG - 2025-09-04 04:32:23 --> Session: Class initialized using 'CodeIgniter\Session\Handlers\FileHandler' driver.
DEBUG - 2025-09-04 04:33:17 --> Session: Class initialized using 'CodeIgniter\Session\Handlers\FileHandler' driver.
DEBUG - 2025-09-04 04:33:55 --> Session: Class initialized using 'CodeIgniter\Session\Handlers\FileHandler' driver.
DEBUG - 2025-09-04 04:34:42 --> Session: Class initialized using 'CodeIgniter\Session\Handlers\FileHandler' driver.
DEBUG - 2025-09-04 04:35:26 --> Session: Class initialized using 'CodeIgniter\Session\Handlers\FileHandler' driver.
DEBUG - 2025-09-04 04:36:36 --> Session: Class initialized using 'CodeIgniter\Session\Handlers\FileHandler' driver.
DEBUG - 2025-09-04 04:38:08 --> Session: Class initialized using 'CodeIgniter\Session\Handlers\FileHandler' driver.
DEBUG - 2025-09-04 04:42:35 --> Session: Class initialized using 'CodeIgniter\Session\Handlers\FileHandler' driver.
DEBUG - 2025-09-04 04:45:12 --> Session: Class initialized using 'CodeIgniter\Session\Handlers\FileHandler' driver.
DEBUG - 2025-09-04 04:46:21 --> Session: Class initialized using 'CodeIgniter\Session\Handlers\FileHandler' driver.
INFO - 2025-09-04 04:47:11 --> CSRF token verified.
DEBUG - 2025-09-04 04:47:11 --> Session: Class initialized using 'CodeIgniter\Session\Handlers\FileHandler' driver.
DEBUG - 2025-09-04 04:47:11 --> Session: Class initialized using 'CodeIgniter\Session\Handlers\FileHandler' driver.
DEBUG - 2025-09-04 04:49:06 --> Session: Class initialized using 'CodeIgniter\Session\Handlers\FileHandler' driver.
DEBUG - 2025-09-04 04:49:09 --> Session: Class initialized using 'CodeIgniter\Session\Handlers\FileHandler' driver.
DEBUG - 2025-09-04 04:49:10 --> Session: Class initialized using 'CodeIgniter\Session\Handlers\FileHandler' driver.
DEBUG - 2025-09-04 04:49:13 --> Session: Class initialized using 'CodeIgniter\Session\Handlers\FileHandler' driver.
DEBUG - 2025-09-04 04:49:16 --> Session: Class initialized using 'CodeIgniter\Session\Handlers\FileHandler' driver.
DEBUG - 2025-09-04 04:51:33 --> Session: Class initialized using 'CodeIgniter\Session\Handlers\FileHandler' driver.
DEBUG - 2025-09-04 04:52:27 --> Session: Class initialized using 'CodeIgniter\Session\Handlers\FileHandler' driver.
DEBUG - 2025-09-04 04:53:04 --> Session: Class initialized using 'CodeIgniter\Session\Handlers\FileHandler' driver.
DEBUG - 2025-09-04 04:54:00 --> Session: Class initialized using 'CodeIgniter\Session\Handlers\FileHandler' driver.
DEBUG - 2025-09-04 04:54:34 --> Session: Class initialized using 'CodeIgniter\Session\Handlers\FileHandler' driver.
DEBUG - 2025-09-04 04:56:19 --> Session: Class initialized using 'CodeIgniter\Session\Handlers\FileHandler' driver.
DEBUG - 2025-09-04 04:56:50 --> Session: Class initialized using 'CodeIgniter\Session\Handlers\FileHandler' driver.
DEBUG - 2025-09-04 04:57:31 --> Session: Class initialized using 'CodeIgniter\Session\Handlers\FileHandler' driver.
DEBUG - 2025-09-04 04:59:07 --> Session: Class initialized using 'CodeIgniter\Session\Handlers\FileHandler' driver.
DEBUG - 2025-09-04 04:59:57 --> Session: Class initialized using 'CodeIgniter\Session\Handlers\FileHandler' driver.
DEBUG - 2025-09-04 05:00:26 --> Session: Class initialized using 'CodeIgniter\Session\Handlers\FileHandler' driver.
DEBUG - 2025-09-04 05:01:37 --> Session: Class initialized using 'CodeIgniter\Session\Handlers\FileHandler' driver.
DEBUG - 2025-09-04 05:02:45 --> Session: Class initialized using 'CodeIgniter\Session\Handlers\FileHandler' driver.
CRITICAL - 2025-09-04 05:03:26 --> CodeIgniter\HTTP\Exceptions\HTTPException: The route for "https://supermetplast.com/" cannot be found.
[Method: GET, Route: brand/index.html]
in SYSTEMPATH/HTTP/RedirectResponse.php on line 63.
 1 SYSTEMPATH/HTTP/RedirectResponse.php(63): CodeIgniter\HTTP\Exceptions\HTTPException::forInvalidRedirectRoute()
 2 SYSTEMPATH/Common.php(855): CodeIgniter\HTTP\RedirectResponse->route()
 3 APPPATH/Controllers/Home.php(160): redirect()
 4 SYSTEMPATH/CodeIgniter.php(933): App\Controllers\Home->brand_search()
 5 SYSTEMPATH/CodeIgniter.php(507): CodeIgniter\CodeIgniter->runController()
 6 SYSTEMPATH/CodeIgniter.php(354): CodeIgniter\CodeIgniter->handleRequest()
 7 SYSTEMPATH/Boot.php(334): CodeIgniter\CodeIgniter->run()
 8 SYSTEMPATH/Boot.php(67): CodeIgniter\Boot::runCodeIgniter()
 9 FCPATH/index.php(60): CodeIgniter\Boot::bootWeb()
DEBUG - 2025-09-04 05:05:19 --> Session: Class initialized using 'CodeIgniter\Session\Handlers\FileHandler' driver.
DEBUG - 2025-09-04 05:07:37 --> Session: Class initialized using 'CodeIgniter\Session\Handlers\FileHandler' driver.
DEBUG - 2025-09-04 05:07:43 --> Session: Class initialized using 'CodeIgniter\Session\Handlers\FileHandler' driver.
INFO - 2025-09-04 05:07:51 --> CSRF token verified.
DEBUG - 2025-09-04 05:07:51 --> Session: Class initialized using 'CodeIgniter\Session\Handlers\FileHandler' driver.
DEBUG - 2025-09-04 05:07:52 --> Session: Class initialized using 'CodeIgniter\Session\Handlers\FileHandler' driver.
DEBUG - 2025-09-04 05:07:56 --> Session: Class initialized using 'CodeIgniter\Session\Handlers\FileHandler' driver.
DEBUG - 2025-09-04 05:09:31 --> Session: Class initialized using 'CodeIgniter\Session\Handlers\FileHandler' driver.
DEBUG - 2025-09-04 05:13:27 --> Session: Class initialized using 'CodeIgniter\Session\Handlers\FileHandler' driver.
CRITICAL - 2025-09-04 05:13:27 --> ParseError: syntax error, unexpected single-quoted string "); ?>", expecting "," or ";"
[Method: GET, Route: download-invoice/2]
in APPPATH/Views/admin/order/invoice.php on line 36.
 1 SYSTEMPATH/View/View.php(227): CodeIgniter\View\View->CodeIgniter\View\{closure}()
 2 SYSTEMPATH/Common.php(1173): CodeIgniter\View\View->render()
 3 APPPATH/Controllers/Orders.php(477): view()
 4 SYSTEMPATH/CodeIgniter.php(933): App\Controllers\Orders->download_invoice()
 5 SYSTEMPATH/CodeIgniter.php(507): CodeIgniter\CodeIgniter->runController()
 6 SYSTEMPATH/CodeIgniter.php(354): CodeIgniter\CodeIgniter->handleRequest()
 7 SYSTEMPATH/Boot.php(334): CodeIgniter\CodeIgniter->run()
 8 SYSTEMPATH/Boot.php(67): CodeIgniter\Boot::runCodeIgniter()
 9 FCPATH/index.php(60): CodeIgniter\Boot::bootWeb()
DEBUG - 2025-09-04 05:13:45 --> Session: Class initialized using 'CodeIgniter\Session\Handlers\FileHandler' driver.
DEBUG - 2025-09-04 05:14:22 --> Session: Class initialized using 'CodeIgniter\Session\Handlers\FileHandler' driver.
DEBUG - 2025-09-04 05:15:56 --> Session: Class initialized using 'CodeIgniter\Session\Handlers\FileHandler' driver.
DEBUG - 2025-09-04 05:16:15 --> Session: Class initialized using 'CodeIgniter\Session\Handlers\FileHandler' driver.
DEBUG - 2025-09-04 05:17:50 --> Session: Class initialized using 'CodeIgniter\Session\Handlers\FileHandler' driver.
DEBUG - 2025-09-04 05:18:02 --> Session: Class initialized using 'CodeIgniter\Session\Handlers\FileHandler' driver.
DEBUG - 2025-09-04 05:18:11 --> Session: Class initialized using 'CodeIgniter\Session\Handlers\FileHandler' driver.
DEBUG - 2025-09-04 05:18:46 --> Session: Class initialized using 'CodeIgniter\Session\Handlers\FileHandler' driver.
DEBUG - 2025-09-04 05:18:51 --> Session: Class initialized using 'CodeIgniter\Session\Handlers\FileHandler' driver.
CRITICAL - 2025-09-04 05:25:38 --> CodeIgniter\HTTP\Exceptions\HTTPException: The route for "https://supermetplast.com/" cannot be found.
[Method: GET, Route: category/index.html]
in SYSTEMPATH/HTTP/RedirectResponse.php on line 63.
 1 SYSTEMPATH/HTTP/RedirectResponse.php(63): CodeIgniter\HTTP\Exceptions\HTTPException::forInvalidRedirectRoute()
 2 SYSTEMPATH/Common.php(855): CodeIgniter\HTTP\RedirectResponse->route()
 3 APPPATH/Controllers/Home.php(129): redirect()
 4 SYSTEMPATH/CodeIgniter.php(933): App\Controllers\Home->category_search()
 5 SYSTEMPATH/CodeIgniter.php(507): CodeIgniter\CodeIgniter->runController()
 6 SYSTEMPATH/CodeIgniter.php(354): CodeIgniter\CodeIgniter->handleRequest()
 7 SYSTEMPATH/Boot.php(334): CodeIgniter\CodeIgniter->run()
 8 SYSTEMPATH/Boot.php(67): CodeIgniter\Boot::runCodeIgniter()
 9 FCPATH/index.php(60): CodeIgniter\Boot::bootWeb()
DEBUG - 2025-09-04 05:40:09 --> Session: Class initialized using 'CodeIgniter\Session\Handlers\FileHandler' driver.
DEBUG - 2025-09-04 06:10:07 --> Session: Class initialized using 'CodeIgniter\Session\Handlers\FileHandler' driver.
DEBUG - 2025-09-04 06:10:09 --> Session: Class initialized using 'CodeIgniter\Session\Handlers\FileHandler' driver.
DEBUG - 2025-09-04 06:13:46 --> Session: Class initialized using 'CodeIgniter\Session\Handlers\FileHandler' driver.
CRITICAL - 2025-09-04 07:00:29 --> CodeIgniter\HTTP\Exceptions\HTTPException: The route for "https://supermetplast.com/" cannot be found.
[Method: GET, Route: brand/index.html]
in SYSTEMPATH/HTTP/RedirectResponse.php on line 63.
 1 SYSTEMPATH/HTTP/RedirectResponse.php(63): CodeIgniter\HTTP\Exceptions\HTTPException::forInvalidRedirectRoute()
 2 SYSTEMPATH/Common.php(855): CodeIgniter\HTTP\RedirectResponse->route()
 3 APPPATH/Controllers/Home.php(160): redirect()
 4 SYSTEMPATH/CodeIgniter.php(933): App\Controllers\Home->brand_search()
 5 SYSTEMPATH/CodeIgniter.php(507): CodeIgniter\CodeIgniter->runController()
 6 SYSTEMPATH/CodeIgniter.php(354): CodeIgniter\CodeIgniter->handleRequest()
 7 SYSTEMPATH/Boot.php(334): CodeIgniter\CodeIgniter->run()
 8 SYSTEMPATH/Boot.php(67): CodeIgniter\Boot::runCodeIgniter()
 9 FCPATH/index.php(60): CodeIgniter\Boot::bootWeb()
DEBUG - 2025-09-04 07:32:10 --> Session: Class initialized using 'CodeIgniter\Session\Handlers\FileHandler' driver.
DEBUG - 2025-09-04 07:32:11 --> Session: Class initialized using 'CodeIgniter\Session\Handlers\FileHandler' driver.
CRITICAL - 2025-09-04 08:09:17 --> CodeIgniter\HTTP\Exceptions\HTTPException: The route for "https://supermetplast.com/" cannot be found.
[Method: GET, Route: brand/index.html]
in SYSTEMPATH/HTTP/RedirectResponse.php on line 63.
 1 SYSTEMPATH/HTTP/RedirectResponse.php(63): CodeIgniter\HTTP\Exceptions\HTTPException::forInvalidRedirectRoute()
 2 SYSTEMPATH/Common.php(855): CodeIgniter\HTTP\RedirectResponse->route()
 3 APPPATH/Controllers/Home.php(160): redirect()
 4 SYSTEMPATH/CodeIgniter.php(933): App\Controllers\Home->brand_search()
 5 SYSTEMPATH/CodeIgniter.php(507): CodeIgniter\CodeIgniter->runController()
 6 SYSTEMPATH/CodeIgniter.php(354): CodeIgniter\CodeIgniter->handleRequest()
 7 SYSTEMPATH/Boot.php(334): CodeIgniter\CodeIgniter->run()
 8 SYSTEMPATH/Boot.php(67): CodeIgniter\Boot::runCodeIgniter()
 9 FCPATH/index.php(60): CodeIgniter\Boot::bootWeb()
DEBUG - 2025-09-04 08:15:14 --> Session: Class initialized using 'CodeIgniter\Session\Handlers\FileHandler' driver.
DEBUG - 2025-09-04 08:57:14 --> Session: Class initialized using 'CodeIgniter\Session\Handlers\FileHandler' driver.
DEBUG - 2025-09-04 08:57:16 --> Session: Class initialized using 'CodeIgniter\Session\Handlers\FileHandler' driver.
CRITICAL - 2025-09-04 09:45:43 --> CodeIgniter\HTTP\Exceptions\HTTPException: The route for "https://supermetplast.com/" cannot be found.
[Method: GET, Route: category/index.html]
in SYSTEMPATH/HTTP/RedirectResponse.php on line 63.
 1 SYSTEMPATH/HTTP/RedirectResponse.php(63): CodeIgniter\HTTP\Exceptions\HTTPException::forInvalidRedirectRoute()
 2 SYSTEMPATH/Common.php(855): CodeIgniter\HTTP\RedirectResponse->route()
 3 APPPATH/Controllers/Home.php(129): redirect()
 4 SYSTEMPATH/CodeIgniter.php(933): App\Controllers\Home->category_search()
 5 SYSTEMPATH/CodeIgniter.php(507): CodeIgniter\CodeIgniter->runController()
 6 SYSTEMPATH/CodeIgniter.php(354): CodeIgniter\CodeIgniter->handleRequest()
 7 SYSTEMPATH/Boot.php(334): CodeIgniter\CodeIgniter->run()
 8 SYSTEMPATH/Boot.php(67): CodeIgniter\Boot::runCodeIgniter()
 9 FCPATH/index.php(60): CodeIgniter\Boot::bootWeb()
DEBUG - 2025-09-04 10:02:37 --> Session: Class initialized using 'CodeIgniter\Session\Handlers\FileHandler' driver.
DEBUG - 2025-09-04 10:20:16 --> Session: Class initialized using 'CodeIgniter\Session\Handlers\FileHandler' driver.
DEBUG - 2025-09-04 10:20:19 --> Session: Class initialized using 'CodeIgniter\Session\Handlers\FileHandler' driver.
DEBUG - 2025-09-04 10:50:38 --> Session: Class initialized using 'CodeIgniter\Session\Handlers\FileHandler' driver.
DEBUG - 2025-09-04 11:58:46 --> Session: Class initialized using 'CodeIgniter\Session\Handlers\FileHandler' driver.
CRITICAL - 2025-09-04 12:07:45 --> CodeIgniter\HTTP\Exceptions\HTTPException: The route for "https://supermetplast.com/" cannot be found.
[Method: GET, Route: brand/index.html]
in SYSTEMPATH/HTTP/RedirectResponse.php on line 63.
 1 SYSTEMPATH/HTTP/RedirectResponse.php(63): CodeIgniter\HTTP\Exceptions\HTTPException::forInvalidRedirectRoute()
 2 SYSTEMPATH/Common.php(855): CodeIgniter\HTTP\RedirectResponse->route()
 3 APPPATH/Controllers/Home.php(160): redirect()
 4 SYSTEMPATH/CodeIgniter.php(933): App\Controllers\Home->brand_search()
 5 SYSTEMPATH/CodeIgniter.php(507): CodeIgniter\CodeIgniter->runController()
 6 SYSTEMPATH/CodeIgniter.php(354): CodeIgniter\CodeIgniter->handleRequest()
 7 SYSTEMPATH/Boot.php(334): CodeIgniter\CodeIgniter->run()
 8 SYSTEMPATH/Boot.php(67): CodeIgniter\Boot::runCodeIgniter()
 9 FCPATH/index.php(60): CodeIgniter\Boot::bootWeb()
CRITICAL - 2025-09-04 12:38:07 --> CodeIgniter\HTTP\Exceptions\HTTPException: The route for "https://supermetplast.com/" cannot be found.
[Method: GET, Route: brand/index.html]
in SYSTEMPATH/HTTP/RedirectResponse.php on line 63.
 1 SYSTEMPATH/HTTP/RedirectResponse.php(63): CodeIgniter\HTTP\Exceptions\HTTPException::forInvalidRedirectRoute()
 2 SYSTEMPATH/Common.php(855): CodeIgniter\HTTP\RedirectResponse->route()
 3 APPPATH/Controllers/Home.php(160): redirect()
 4 SYSTEMPATH/CodeIgniter.php(933): App\Controllers\Home->brand_search()
 5 SYSTEMPATH/CodeIgniter.php(507): CodeIgniter\CodeIgniter->runController()
 6 SYSTEMPATH/CodeIgniter.php(354): CodeIgniter\CodeIgniter->handleRequest()
 7 SYSTEMPATH/Boot.php(334): CodeIgniter\CodeIgniter->run()
 8 SYSTEMPATH/Boot.php(67): CodeIgniter\Boot::runCodeIgniter()
 9 FCPATH/index.php(60): CodeIgniter\Boot::bootWeb()
DEBUG - 2025-09-04 13:04:36 --> Session: Class initialized using 'CodeIgniter\Session\Handlers\FileHandler' driver.
DEBUG - 2025-09-04 13:06:35 --> Session: Class initialized using 'CodeIgniter\Session\Handlers\FileHandler' driver.
DEBUG - 2025-09-04 13:06:36 --> Session: Class initialized using 'CodeIgniter\Session\Handlers\FileHandler' driver.
CRITICAL - 2025-09-04 14:14:24 --> CodeIgniter\HTTP\Exceptions\HTTPException: The route for "https://supermetplast.com/" cannot be found.
[Method: GET, Route: category/index.html]
in SYSTEMPATH/HTTP/RedirectResponse.php on line 63.
 1 SYSTEMPATH/HTTP/RedirectResponse.php(63): CodeIgniter\HTTP\Exceptions\HTTPException::forInvalidRedirectRoute()
 2 SYSTEMPATH/Common.php(855): CodeIgniter\HTTP\RedirectResponse->route()
 3 APPPATH/Controllers/Home.php(129): redirect()
 4 SYSTEMPATH/CodeIgniter.php(933): App\Controllers\Home->category_search()
 5 SYSTEMPATH/CodeIgniter.php(507): CodeIgniter\CodeIgniter->runController()
 6 SYSTEMPATH/CodeIgniter.php(354): CodeIgniter\CodeIgniter->handleRequest()
 7 SYSTEMPATH/Boot.php(334): CodeIgniter\CodeIgniter->run()
 8 SYSTEMPATH/Boot.php(67): CodeIgniter\Boot::runCodeIgniter()
 9 FCPATH/index.php(60): CodeIgniter\Boot::bootWeb()
DEBUG - 2025-09-04 14:29:38 --> Session: Class initialized using 'CodeIgniter\Session\Handlers\FileHandler' driver.
DEBUG - 2025-09-04 14:29:40 --> Session: Class initialized using 'CodeIgniter\Session\Handlers\FileHandler' driver.
CRITICAL - 2025-09-04 14:50:15 --> CodeIgniter\HTTP\Exceptions\HTTPException: The route for "https://supermetplast.com/" cannot be found.
[Method: GET, Route: brand/index.html]
in SYSTEMPATH/HTTP/RedirectResponse.php on line 63.
 1 SYSTEMPATH/HTTP/RedirectResponse.php(63): CodeIgniter\HTTP\Exceptions\HTTPException::forInvalidRedirectRoute()
 2 SYSTEMPATH/Common.php(855): CodeIgniter\HTTP\RedirectResponse->route()
 3 APPPATH/Controllers/Home.php(160): redirect()
 4 SYSTEMPATH/CodeIgniter.php(933): App\Controllers\Home->brand_search()
 5 SYSTEMPATH/CodeIgniter.php(507): CodeIgniter\CodeIgniter->runController()
 6 SYSTEMPATH/CodeIgniter.php(354): CodeIgniter\CodeIgniter->handleRequest()
 7 SYSTEMPATH/Boot.php(334): CodeIgniter\CodeIgniter->run()
 8 SYSTEMPATH/Boot.php(67): CodeIgniter\Boot::runCodeIgniter()
 9 FCPATH/index.php(60): CodeIgniter\Boot::bootWeb()
DEBUG - 2025-09-04 15:04:41 --> Session: Class initialized using 'CodeIgniter\Session\Handlers\FileHandler' driver.
DEBUG - 2025-09-04 15:10:57 --> Session: Class initialized using 'CodeIgniter\Session\Handlers\FileHandler' driver.
CRITICAL - 2025-09-04 15:22:50 --> CodeIgniter\HTTP\Exceptions\HTTPException: The route for "https://supermetplast.com/" cannot be found.
[Method: GET, Route: brand/index.html]
in SYSTEMPATH/HTTP/RedirectResponse.php on line 63.
 1 SYSTEMPATH/HTTP/RedirectResponse.php(63): CodeIgniter\HTTP\Exceptions\HTTPException::forInvalidRedirectRoute()
 2 SYSTEMPATH/Common.php(855): CodeIgniter\HTTP\RedirectResponse->route()
 3 APPPATH/Controllers/Home.php(160): redirect()
 4 SYSTEMPATH/CodeIgniter.php(933): App\Controllers\Home->brand_search()
 5 SYSTEMPATH/CodeIgniter.php(507): CodeIgniter\CodeIgniter->runController()
 6 SYSTEMPATH/CodeIgniter.php(354): CodeIgniter\CodeIgniter->handleRequest()
 7 SYSTEMPATH/Boot.php(334): CodeIgniter\CodeIgniter->run()
 8 SYSTEMPATH/Boot.php(67): CodeIgniter\Boot::runCodeIgniter()
 9 FCPATH/index.php(60): CodeIgniter\Boot::bootWeb()
CRITICAL - 2025-09-04 16:03:01 --> CodeIgniter\HTTP\Exceptions\HTTPException: The route for "https://supermetplast.com/" cannot be found.
[Method: GET, Route: brand/index.html]
in SYSTEMPATH/HTTP/RedirectResponse.php on line 63.
 1 SYSTEMPATH/HTTP/RedirectResponse.php(63): CodeIgniter\HTTP\Exceptions\HTTPException::forInvalidRedirectRoute()
 2 SYSTEMPATH/Common.php(855): CodeIgniter\HTTP\RedirectResponse->route()
 3 APPPATH/Controllers/Home.php(160): redirect()
 4 SYSTEMPATH/CodeIgniter.php(933): App\Controllers\Home->brand_search()
 5 SYSTEMPATH/CodeIgniter.php(507): CodeIgniter\CodeIgniter->runController()
 6 SYSTEMPATH/CodeIgniter.php(354): CodeIgniter\CodeIgniter->handleRequest()
 7 SYSTEMPATH/Boot.php(334): CodeIgniter\CodeIgniter->run()
 8 SYSTEMPATH/Boot.php(67): CodeIgniter\Boot::runCodeIgniter()
 9 FCPATH/index.php(60): CodeIgniter\Boot::bootWeb()
CRITICAL - 2025-09-04 17:06:34 --> CodeIgniter\HTTP\Exceptions\HTTPException: The route for "https://supermetplast.com/" cannot be found.
[Method: GET, Route: brand/index.html]
in SYSTEMPATH/HTTP/RedirectResponse.php on line 63.
 1 SYSTEMPATH/HTTP/RedirectResponse.php(63): CodeIgniter\HTTP\Exceptions\HTTPException::forInvalidRedirectRoute()
 2 SYSTEMPATH/Common.php(855): CodeIgniter\HTTP\RedirectResponse->route()
 3 APPPATH/Controllers/Home.php(160): redirect()
 4 SYSTEMPATH/CodeIgniter.php(933): App\Controllers\Home->brand_search()
 5 SYSTEMPATH/CodeIgniter.php(507): CodeIgniter\CodeIgniter->runController()
 6 SYSTEMPATH/CodeIgniter.php(354): CodeIgniter\CodeIgniter->handleRequest()
 7 SYSTEMPATH/Boot.php(334): CodeIgniter\CodeIgniter->run()
 8 SYSTEMPATH/Boot.php(67): CodeIgniter\Boot::runCodeIgniter()
 9 FCPATH/index.php(60): CodeIgniter\Boot::bootWeb()
DEBUG - 2025-09-04 17:07:01 --> Session: Class initialized using 'CodeIgniter\Session\Handlers\FileHandler' driver.
DEBUG - 2025-09-04 17:15:23 --> Session: Class initialized using 'CodeIgniter\Session\Handlers\FileHandler' driver.
DEBUG - 2025-09-04 17:15:25 --> Session: Class initialized using 'CodeIgniter\Session\Handlers\FileHandler' driver.
CRITICAL - 2025-09-04 17:33:04 --> CodeIgniter\HTTP\Exceptions\HTTPException: The route for "https://supermetplast.com/" cannot be found.
[Method: GET, Route: category/index.html]
in SYSTEMPATH/HTTP/RedirectResponse.php on line 63.
 1 SYSTEMPATH/HTTP/RedirectResponse.php(63): CodeIgniter\HTTP\Exceptions\HTTPException::forInvalidRedirectRoute()
 2 SYSTEMPATH/Common.php(855): CodeIgniter\HTTP\RedirectResponse->route()
 3 APPPATH/Controllers/Home.php(129): redirect()
 4 SYSTEMPATH/CodeIgniter.php(933): App\Controllers\Home->category_search()
 5 SYSTEMPATH/CodeIgniter.php(507): CodeIgniter\CodeIgniter->runController()
 6 SYSTEMPATH/CodeIgniter.php(354): CodeIgniter\CodeIgniter->handleRequest()
 7 SYSTEMPATH/Boot.php(334): CodeIgniter\CodeIgniter->run()
 8 SYSTEMPATH/Boot.php(67): CodeIgniter\Boot::runCodeIgniter()
 9 FCPATH/index.php(60): CodeIgniter\Boot::bootWeb()
CRITICAL - 2025-09-04 17:38:45 --> CodeIgniter\HTTP\Exceptions\HTTPException: The route for "https://supermetplast.com/" cannot be found.
[Method: GET, Route: brand/index.html]
in SYSTEMPATH/HTTP/RedirectResponse.php on line 63.
 1 SYSTEMPATH/HTTP/RedirectResponse.php(63): CodeIgniter\HTTP\Exceptions\HTTPException::forInvalidRedirectRoute()
 2 SYSTEMPATH/Common.php(855): CodeIgniter\HTTP\RedirectResponse->route()
 3 APPPATH/Controllers/Home.php(160): redirect()
 4 SYSTEMPATH/CodeIgniter.php(933): App\Controllers\Home->brand_search()
 5 SYSTEMPATH/CodeIgniter.php(507): CodeIgniter\CodeIgniter->runController()
 6 SYSTEMPATH/CodeIgniter.php(354): CodeIgniter\CodeIgniter->handleRequest()
 7 SYSTEMPATH/Boot.php(334): CodeIgniter\CodeIgniter->run()
 8 SYSTEMPATH/Boot.php(67): CodeIgniter\Boot::runCodeIgniter()
 9 FCPATH/index.php(60): CodeIgniter\Boot::bootWeb()
CRITICAL - 2025-09-04 18:06:25 --> CodeIgniter\HTTP\Exceptions\HTTPException: The route for "https://supermetplast.com/" cannot be found.
[Method: GET, Route: category/index.html]
in SYSTEMPATH/HTTP/RedirectResponse.php on line 63.
 1 SYSTEMPATH/HTTP/RedirectResponse.php(63): CodeIgniter\HTTP\Exceptions\HTTPException::forInvalidRedirectRoute()
 2 SYSTEMPATH/Common.php(855): CodeIgniter\HTTP\RedirectResponse->route()
 3 APPPATH/Controllers/Home.php(129): redirect()
 4 SYSTEMPATH/CodeIgniter.php(933): App\Controllers\Home->category_search()
 5 SYSTEMPATH/CodeIgniter.php(507): CodeIgniter\CodeIgniter->runController()
 6 SYSTEMPATH/CodeIgniter.php(354): CodeIgniter\CodeIgniter->handleRequest()
 7 SYSTEMPATH/Boot.php(334): CodeIgniter\CodeIgniter->run()
 8 SYSTEMPATH/Boot.php(67): CodeIgniter\Boot::runCodeIgniter()
 9 FCPATH/index.php(60): CodeIgniter\Boot::bootWeb()
CRITICAL - 2025-09-04 18:10:22 --> CodeIgniter\HTTP\Exceptions\HTTPException: The route for "https://supermetplast.com/" cannot be found.
[Method: GET, Route: brand/index.html]
in SYSTEMPATH/HTTP/RedirectResponse.php on line 63.
 1 SYSTEMPATH/HTTP/RedirectResponse.php(63): CodeIgniter\HTTP\Exceptions\HTTPException::forInvalidRedirectRoute()
 2 SYSTEMPATH/Common.php(855): CodeIgniter\HTTP\RedirectResponse->route()
 3 APPPATH/Controllers/Home.php(160): redirect()
 4 SYSTEMPATH/CodeIgniter.php(933): App\Controllers\Home->brand_search()
 5 SYSTEMPATH/CodeIgniter.php(507): CodeIgniter\CodeIgniter->runController()
 6 SYSTEMPATH/CodeIgniter.php(354): CodeIgniter\CodeIgniter->handleRequest()
 7 SYSTEMPATH/Boot.php(334): CodeIgniter\CodeIgniter->run()
 8 SYSTEMPATH/Boot.php(67): CodeIgniter\Boot::runCodeIgniter()
 9 FCPATH/index.php(60): CodeIgniter\Boot::bootWeb()
DEBUG - 2025-09-04 18:21:52 --> Session: Class initialized using 'CodeIgniter\Session\Handlers\FileHandler' driver.
DEBUG - 2025-09-04 18:38:14 --> Session: Class initialized using 'CodeIgniter\Session\Handlers\FileHandler' driver.
DEBUG - 2025-09-04 18:38:16 --> Session: Class initialized using 'CodeIgniter\Session\Handlers\FileHandler' driver.
DEBUG - 2025-09-04 18:54:02 --> Session: Class initialized using 'CodeIgniter\Session\Handlers\FileHandler' driver.
DEBUG - 2025-09-04 19:09:02 --> Session: Class initialized using 'CodeIgniter\Session\Handlers\FileHandler' driver.
DEBUG - 2025-09-04 19:15:08 --> Session: Class initialized using 'CodeIgniter\Session\Handlers\FileHandler' driver.
CRITICAL - 2025-09-04 19:27:54 --> CodeIgniter\HTTP\Exceptions\HTTPException: The route for "https://supermetplast.com/" cannot be found.
[Method: GET, Route: brand/index.html]
in SYSTEMPATH/HTTP/RedirectResponse.php on line 63.
 1 SYSTEMPATH/HTTP/RedirectResponse.php(63): CodeIgniter\HTTP\Exceptions\HTTPException::forInvalidRedirectRoute()
 2 SYSTEMPATH/Common.php(855): CodeIgniter\HTTP\RedirectResponse->route()
 3 APPPATH/Controllers/Home.php(160): redirect()
 4 SYSTEMPATH/CodeIgniter.php(933): App\Controllers\Home->brand_search()
 5 SYSTEMPATH/CodeIgniter.php(507): CodeIgniter\CodeIgniter->runController()
 6 SYSTEMPATH/CodeIgniter.php(354): CodeIgniter\CodeIgniter->handleRequest()
 7 SYSTEMPATH/Boot.php(334): CodeIgniter\CodeIgniter->run()
 8 SYSTEMPATH/Boot.php(67): CodeIgniter\Boot::runCodeIgniter()
 9 FCPATH/index.php(60): CodeIgniter\Boot::bootWeb()
CRITICAL - 2025-09-04 19:55:14 --> CodeIgniter\HTTP\Exceptions\HTTPException: The route for "https://supermetplast.com/" cannot be found.
[Method: GET, Route: category/index.html]
in SYSTEMPATH/HTTP/RedirectResponse.php on line 63.
 1 SYSTEMPATH/HTTP/RedirectResponse.php(63): CodeIgniter\HTTP\Exceptions\HTTPException::forInvalidRedirectRoute()
 2 SYSTEMPATH/Common.php(855): CodeIgniter\HTTP\RedirectResponse->route()
 3 APPPATH/Controllers/Home.php(129): redirect()
 4 SYSTEMPATH/CodeIgniter.php(933): App\Controllers\Home->category_search()
 5 SYSTEMPATH/CodeIgniter.php(507): CodeIgniter\CodeIgniter->runController()
 6 SYSTEMPATH/CodeIgniter.php(354): CodeIgniter\CodeIgniter->handleRequest()
 7 SYSTEMPATH/Boot.php(334): CodeIgniter\CodeIgniter->run()
 8 SYSTEMPATH/Boot.php(67): CodeIgniter\Boot::runCodeIgniter()
 9 FCPATH/index.php(60): CodeIgniter\Boot::bootWeb()
CRITICAL - 2025-09-04 19:59:14 --> CodeIgniter\HTTP\Exceptions\HTTPException: The route for "https://supermetplast.com/" cannot be found.
[Method: GET, Route: brand/index.html]
in SYSTEMPATH/HTTP/RedirectResponse.php on line 63.
 1 SYSTEMPATH/HTTP/RedirectResponse.php(63): CodeIgniter\HTTP\Exceptions\HTTPException::forInvalidRedirectRoute()
 2 SYSTEMPATH/Common.php(855): CodeIgniter\HTTP\RedirectResponse->route()
 3 APPPATH/Controllers/Home.php(160): redirect()
 4 SYSTEMPATH/CodeIgniter.php(933): App\Controllers\Home->brand_search()
 5 SYSTEMPATH/CodeIgniter.php(507): CodeIgniter\CodeIgniter->runController()
 6 SYSTEMPATH/CodeIgniter.php(354): CodeIgniter\CodeIgniter->handleRequest()
 7 SYSTEMPATH/Boot.php(334): CodeIgniter\CodeIgniter->run()
 8 SYSTEMPATH/Boot.php(67): CodeIgniter\Boot::runCodeIgniter()
 9 FCPATH/index.php(60): CodeIgniter\Boot::bootWeb()
DEBUG - 2025-09-04 20:01:21 --> Session: Class initialized using 'CodeIgniter\Session\Handlers\FileHandler' driver.
DEBUG - 2025-09-04 20:01:23 --> Session: Class initialized using 'CodeIgniter\Session\Handlers\FileHandler' driver.
DEBUG - 2025-09-04 20:05:46 --> Session: Class initialized using 'CodeIgniter\Session\Handlers\FileHandler' driver.
DEBUG - 2025-09-04 20:09:46 --> Session: Class initialized using 'CodeIgniter\Session\Handlers\FileHandler' driver.
DEBUG - 2025-09-04 20:17:46 --> Session: Class initialized using 'CodeIgniter\Session\Handlers\FileHandler' driver.
CRITICAL - 2025-09-04 20:25:42 --> CodeIgniter\HTTP\Exceptions\HTTPException: The route for "https://supermetplast.com/" cannot be found.
[Method: GET, Route: category/index.html]
in SYSTEMPATH/HTTP/RedirectResponse.php on line 63.
 1 SYSTEMPATH/HTTP/RedirectResponse.php(63): CodeIgniter\HTTP\Exceptions\HTTPException::forInvalidRedirectRoute()
 2 SYSTEMPATH/Common.php(855): CodeIgniter\HTTP\RedirectResponse->route()
 3 APPPATH/Controllers/Home.php(129): redirect()
 4 SYSTEMPATH/CodeIgniter.php(933): App\Controllers\Home->category_search()
 5 SYSTEMPATH/CodeIgniter.php(507): CodeIgniter\CodeIgniter->runController()
 6 SYSTEMPATH/CodeIgniter.php(354): CodeIgniter\CodeIgniter->handleRequest()
 7 SYSTEMPATH/Boot.php(334): CodeIgniter\CodeIgniter->run()
 8 SYSTEMPATH/Boot.php(67): CodeIgniter\Boot::runCodeIgniter()
 9 FCPATH/index.php(60): CodeIgniter\Boot::bootWeb()
CRITICAL - 2025-09-04 20:29:35 --> CodeIgniter\HTTP\Exceptions\HTTPException: The route for "https://supermetplast.com/" cannot be found.
[Method: GET, Route: brand/index.html]
in SYSTEMPATH/HTTP/RedirectResponse.php on line 63.
 1 SYSTEMPATH/HTTP/RedirectResponse.php(63): CodeIgniter\HTTP\Exceptions\HTTPException::forInvalidRedirectRoute()
 2 SYSTEMPATH/Common.php(855): CodeIgniter\HTTP\RedirectResponse->route()
 3 APPPATH/Controllers/Home.php(160): redirect()
 4 SYSTEMPATH/CodeIgniter.php(933): App\Controllers\Home->brand_search()
 5 SYSTEMPATH/CodeIgniter.php(507): CodeIgniter\CodeIgniter->runController()
 6 SYSTEMPATH/CodeIgniter.php(354): CodeIgniter\CodeIgniter->handleRequest()
 7 SYSTEMPATH/Boot.php(334): CodeIgniter\CodeIgniter->run()
 8 SYSTEMPATH/Boot.php(67): CodeIgniter\Boot::runCodeIgniter()
 9 FCPATH/index.php(60): CodeIgniter\Boot::bootWeb()
CRITICAL - 2025-09-04 20:56:05 --> CodeIgniter\HTTP\Exceptions\HTTPException: The route for "https://supermetplast.com/" cannot be found.
[Method: GET, Route: category/index.html]
in SYSTEMPATH/HTTP/RedirectResponse.php on line 63.
 1 SYSTEMPATH/HTTP/RedirectResponse.php(63): CodeIgniter\HTTP\Exceptions\HTTPException::forInvalidRedirectRoute()
 2 SYSTEMPATH/Common.php(855): CodeIgniter\HTTP\RedirectResponse->route()
 3 APPPATH/Controllers/Home.php(129): redirect()
 4 SYSTEMPATH/CodeIgniter.php(933): App\Controllers\Home->category_search()
 5 SYSTEMPATH/CodeIgniter.php(507): CodeIgniter\CodeIgniter->runController()
 6 SYSTEMPATH/CodeIgniter.php(354): CodeIgniter\CodeIgniter->handleRequest()
 7 SYSTEMPATH/Boot.php(334): CodeIgniter\CodeIgniter->run()
 8 SYSTEMPATH/Boot.php(67): CodeIgniter\Boot::runCodeIgniter()
 9 FCPATH/index.php(60): CodeIgniter\Boot::bootWeb()
DEBUG - 2025-09-04 21:02:15 --> Session: Class initialized using 'CodeIgniter\Session\Handlers\FileHandler' driver.
DEBUG - 2025-09-04 21:30:10 --> Session: Class initialized using 'CodeIgniter\Session\Handlers\FileHandler' driver.
DEBUG - 2025-09-04 21:34:10 --> Session: Class initialized using 'CodeIgniter\Session\Handlers\FileHandler' driver.
DEBUG - 2025-09-04 21:42:11 --> Session: Class initialized using 'CodeIgniter\Session\Handlers\FileHandler' driver.
CRITICAL - 2025-09-04 21:51:01 --> CodeIgniter\HTTP\Exceptions\HTTPException: The route for "https://supermetplast.com/" cannot be found.
[Method: GET, Route: brand/index.html]
in SYSTEMPATH/HTTP/RedirectResponse.php on line 63.
 1 SYSTEMPATH/HTTP/RedirectResponse.php(63): CodeIgniter\HTTP\Exceptions\HTTPException::forInvalidRedirectRoute()
 2 SYSTEMPATH/Common.php(855): CodeIgniter\HTTP\RedirectResponse->route()
 3 APPPATH/Controllers/Home.php(160): redirect()
 4 SYSTEMPATH/CodeIgniter.php(933): App\Controllers\Home->brand_search()
 5 SYSTEMPATH/CodeIgniter.php(507): CodeIgniter\CodeIgniter->runController()
 6 SYSTEMPATH/CodeIgniter.php(354): CodeIgniter\CodeIgniter->handleRequest()
 7 SYSTEMPATH/Boot.php(334): CodeIgniter\CodeIgniter->run()
 8 SYSTEMPATH/Boot.php(67): CodeIgniter\Boot::runCodeIgniter()
 9 FCPATH/index.php(60): CodeIgniter\Boot::bootWeb()
DEBUG - 2025-09-04 22:01:34 --> Session: Class initialized using 'CodeIgniter\Session\Handlers\FileHandler' driver.
DEBUG - 2025-09-04 22:01:36 --> Session: Class initialized using 'CodeIgniter\Session\Handlers\FileHandler' driver.
DEBUG - 2025-09-04 22:05:34 --> Session: Class initialized using 'CodeIgniter\Session\Handlers\FileHandler' driver.
DEBUG - 2025-09-04 22:47:19 --> Session: Class initialized using 'CodeIgniter\Session\Handlers\FileHandler' driver.
DEBUG - 2025-09-04 22:47:21 --> Session: Class initialized using 'CodeIgniter\Session\Handlers\FileHandler' driver.
DEBUG - 2025-09-04 23:06:09 --> Session: Class initialized using 'CodeIgniter\Session\Handlers\FileHandler' driver.
CRITICAL - 2025-09-04 23:10:11 --> CodeIgniter\HTTP\Exceptions\HTTPException: The route for "https://supermetplast.com/" cannot be found.
[Method: GET, Route: category/index.html]
in SYSTEMPATH/HTTP/RedirectResponse.php on line 63.
 1 SYSTEMPATH/HTTP/RedirectResponse.php(63): CodeIgniter\HTTP\Exceptions\HTTPException::forInvalidRedirectRoute()
 2 SYSTEMPATH/Common.php(855): CodeIgniter\HTTP\RedirectResponse->route()
 3 APPPATH/Controllers/Home.php(129): redirect()
 4 SYSTEMPATH/CodeIgniter.php(933): App\Controllers\Home->category_search()
 5 SYSTEMPATH/CodeIgniter.php(507): CodeIgniter\CodeIgniter->runController()
 6 SYSTEMPATH/CodeIgniter.php(354): CodeIgniter\CodeIgniter->handleRequest()
 7 SYSTEMPATH/Boot.php(334): CodeIgniter\CodeIgniter->run()
 8 SYSTEMPATH/Boot.php(67): CodeIgniter\Boot::runCodeIgniter()
 9 FCPATH/index.php(60): CodeIgniter\Boot::bootWeb()
DEBUG - 2025-09-04 23:14:10 --> Session: Class initialized using 'CodeIgniter\Session\Handlers\FileHandler' driver.
