DEBUG - 2025-08-21 01:44:59 --> Session: Class initialized using 'CodeIgniter\Session\Handlers\FileHandler' driver.
DEBUG - 2025-08-21 01:44:59 --> Session: Class initialized using 'CodeIgniter\Session\Handlers\FileHandler' driver.
DEBUG - 2025-08-21 02:05:44 --> Session: Class initialized using 'CodeIgniter\Session\Handlers\FileHandler' driver.
DEBUG - 2025-08-21 02:05:46 --> Session: Class initialized using 'CodeIgniter\Session\Handlers\FileHandler' driver.
DEBUG - 2025-08-21 02:39:03 --> Session: Class initialized using 'CodeIgniter\Session\Handlers\FileHandler' driver.
DEBUG - 2025-08-21 05:43:32 --> Session: Class initialized using 'CodeIgniter\Session\Handlers\FileHandler' driver.
ERROR - 2025-08-21 05:46:44 --> Error connecting to the database: mysqli_sql_exception: Access denied for user 'u810214334_entry_user'@'localhost' (using password: YES) in /home/u528034067/domains/myreceipe.in/public_html/system/Database/MySQLi/Connection.php:201
Stack trace:
#0 /home/u528034067/domains/myreceipe.in/public_html/system/Database/MySQLi/Connection.php(201): mysqli->real_connect()
#1 /home/u528034067/domains/myreceipe.in/public_html/system/Database/BaseConnection.php(421): CodeIgniter\Database\MySQLi\Connection->connect()
#2 /home/u528034067/domains/myreceipe.in/public_html/system/Database/BaseConnection.php(620): CodeIgniter\Database\BaseConnection->initialize()
#3 /home/u528034067/domains/myreceipe.in/public_html/system/Database/BaseBuilder.php(1649): CodeIgniter\Database\BaseConnection->query()
#4 /home/u528034067/domains/myreceipe.in/public_html/system/Model.php(928): CodeIgniter\Database\BaseBuilder->get()
#5 /home/u528034067/domains/myreceipe.in/public_html/app/Controllers/CommonController.php(12): CodeIgniter\Model->__call()
#6 /home/u528034067/domains/myreceipe.in/public_html/system/CodeIgniter.php(903): App\Controllers\CommonController->__construct()
#7 /home/u528034067/domains/myreceipe.in/public_html/system/CodeIgniter.php(498): CodeIgniter\CodeIgniter->createController()
#8 /home/u528034067/domains/myreceipe.in/public_html/system/CodeIgniter.php(354): CodeIgniter\CodeIgniter->handleRequest()
#9 /home/u528034067/domains/myreceipe.in/public_html/system/Boot.php(334): CodeIgniter\CodeIgniter->run()
#10 /home/u528034067/domains/myreceipe.in/public_html/system/Boot.php(67): CodeIgniter\Boot::runCodeIgniter()
#11 /home/u528034067/domains/myreceipe.in/public_html/index.php(60): CodeIgniter\Boot::bootWeb()
#12 {main}

Next CodeIgniter\Database\Exceptions\DatabaseException: Access denied for user '****'@'localhost' (using password: YES) in /home/u528034067/domains/myreceipe.in/public_html/system/Database/MySQLi/Connection.php:246
Stack trace:
#0 /home/u528034067/domains/myreceipe.in/public_html/system/Database/BaseConnection.php(421): CodeIgniter\Database\MySQLi\Connection->connect()
#1 /home/u528034067/domains/myreceipe.in/public_html/system/Database/BaseConnection.php(620): CodeIgniter\Database\BaseConnection->initialize()
#2 /home/u528034067/domains/myreceipe.in/public_html/system/Database/BaseBuilder.php(1649): CodeIgniter\Database\BaseConnection->query()
#3 /home/u528034067/domains/myreceipe.in/public_html/system/Model.php(928): CodeIgniter\Database\BaseBuilder->get()
#4 /home/u528034067/domains/myreceipe.in/public_html/app/Controllers/CommonController.php(12): CodeIgniter\Model->__call()
#5 /home/u528034067/domains/myreceipe.in/public_html/system/CodeIgniter.php(903): App\Controllers\CommonController->__construct()
#6 /home/u528034067/domains/myreceipe.in/public_html/system/CodeIgniter.php(498): CodeIgniter\CodeIgniter->createController()
#7 /home/u528034067/domains/myreceipe.in/public_html/system/CodeIgniter.php(354): CodeIgniter\CodeIgniter->handleRequest()
#8 /home/u528034067/domains/myreceipe.in/public_html/system/Boot.php(334): CodeIgniter\CodeIgniter->run()
#9 /home/u528034067/domains/myreceipe.in/public_html/system/Boot.php(67): CodeIgniter\Boot::runCodeIgniter()
#10 /home/u528034067/domains/myreceipe.in/public_html/index.php(60): CodeIgniter\Boot::bootWeb()
#11 {main}
CRITICAL - 2025-08-21 05:46:44 --> CodeIgniter\Database\Exceptions\DatabaseException: Unable to connect to the database.
Main connection [MySQLi]: Access denied for user '****'@'localhost' (using password: YES)
[Method: GET, Route: /]
in SYSTEMPATH/Database/BaseConnection.php on line 467.
 1 SYSTEMPATH/Database/BaseConnection.php(620): CodeIgniter\Database\BaseConnection->initialize()
 2 SYSTEMPATH/Database/BaseBuilder.php(1649): CodeIgniter\Database\BaseConnection->query()
 3 SYSTEMPATH/Model.php(928): CodeIgniter\Database\BaseBuilder->get()
 4 APPPATH/Controllers/CommonController.php(12): CodeIgniter\Model->__call()
 5 SYSTEMPATH/CodeIgniter.php(903): App\Controllers\CommonController->__construct()
 6 SYSTEMPATH/CodeIgniter.php(498): CodeIgniter\CodeIgniter->createController()
 7 SYSTEMPATH/CodeIgniter.php(354): CodeIgniter\CodeIgniter->handleRequest()
 8 SYSTEMPATH/Boot.php(334): CodeIgniter\CodeIgniter->run()
 9 SYSTEMPATH/Boot.php(67): CodeIgniter\Boot::runCodeIgniter()
10 FCPATH/index.php(60): CodeIgniter\Boot::bootWeb()
ERROR - 2025-08-21 05:55:28 --> Error connecting to the database: mysqli_sql_exception: Access denied for user 'u810214334_entry_user'@'localhost' (using password: YES) in /home/u528034067/domains/myreceipe.in/public_html/system/Database/MySQLi/Connection.php:201
Stack trace:
#0 /home/u528034067/domains/myreceipe.in/public_html/system/Database/MySQLi/Connection.php(201): mysqli->real_connect()
#1 /home/u528034067/domains/myreceipe.in/public_html/system/Database/BaseConnection.php(421): CodeIgniter\Database\MySQLi\Connection->connect()
#2 /home/u528034067/domains/myreceipe.in/public_html/system/Database/BaseConnection.php(620): CodeIgniter\Database\BaseConnection->initialize()
#3 /home/u528034067/domains/myreceipe.in/public_html/system/Database/BaseBuilder.php(1649): CodeIgniter\Database\BaseConnection->query()
#4 /home/u528034067/domains/myreceipe.in/public_html/system/Model.php(928): CodeIgniter\Database\BaseBuilder->get()
#5 /home/u528034067/domains/myreceipe.in/public_html/app/Controllers/CommonController.php(12): CodeIgniter\Model->__call()
#6 /home/u528034067/domains/myreceipe.in/public_html/system/CodeIgniter.php(903): App\Controllers\CommonController->__construct()
#7 /home/u528034067/domains/myreceipe.in/public_html/system/CodeIgniter.php(498): CodeIgniter\CodeIgniter->createController()
#8 /home/u528034067/domains/myreceipe.in/public_html/system/CodeIgniter.php(354): CodeIgniter\CodeIgniter->handleRequest()
#9 /home/u528034067/domains/myreceipe.in/public_html/system/Boot.php(334): CodeIgniter\CodeIgniter->run()
#10 /home/u528034067/domains/myreceipe.in/public_html/system/Boot.php(67): CodeIgniter\Boot::runCodeIgniter()
#11 /home/u528034067/domains/myreceipe.in/public_html/index.php(60): CodeIgniter\Boot::bootWeb()
#12 {main}

Next CodeIgniter\Database\Exceptions\DatabaseException: Access denied for user '****'@'localhost' (using password: YES) in /home/u528034067/domains/myreceipe.in/public_html/system/Database/MySQLi/Connection.php:246
Stack trace:
#0 /home/u528034067/domains/myreceipe.in/public_html/system/Database/BaseConnection.php(421): CodeIgniter\Database\MySQLi\Connection->connect()
#1 /home/u528034067/domains/myreceipe.in/public_html/system/Database/BaseConnection.php(620): CodeIgniter\Database\BaseConnection->initialize()
#2 /home/u528034067/domains/myreceipe.in/public_html/system/Database/BaseBuilder.php(1649): CodeIgniter\Database\BaseConnection->query()
#3 /home/u528034067/domains/myreceipe.in/public_html/system/Model.php(928): CodeIgniter\Database\BaseBuilder->get()
#4 /home/u528034067/domains/myreceipe.in/public_html/app/Controllers/CommonController.php(12): CodeIgniter\Model->__call()
#5 /home/u528034067/domains/myreceipe.in/public_html/system/CodeIgniter.php(903): App\Controllers\CommonController->__construct()
#6 /home/u528034067/domains/myreceipe.in/public_html/system/CodeIgniter.php(498): CodeIgniter\CodeIgniter->createController()
#7 /home/u528034067/domains/myreceipe.in/public_html/system/CodeIgniter.php(354): CodeIgniter\CodeIgniter->handleRequest()
#8 /home/u528034067/domains/myreceipe.in/public_html/system/Boot.php(334): CodeIgniter\CodeIgniter->run()
#9 /home/u528034067/domains/myreceipe.in/public_html/system/Boot.php(67): CodeIgniter\Boot::runCodeIgniter()
#10 /home/u528034067/domains/myreceipe.in/public_html/index.php(60): CodeIgniter\Boot::bootWeb()
#11 {main}
CRITICAL - 2025-08-21 05:55:28 --> CodeIgniter\Database\Exceptions\DatabaseException: Unable to connect to the database.
Main connection [MySQLi]: Access denied for user '****'@'localhost' (using password: YES)
[Method: GET, Route: /]
in SYSTEMPATH/Database/BaseConnection.php on line 467.
 1 SYSTEMPATH/Database/BaseConnection.php(620): CodeIgniter\Database\BaseConnection->initialize()
 2 SYSTEMPATH/Database/BaseBuilder.php(1649): CodeIgniter\Database\BaseConnection->query()
 3 SYSTEMPATH/Model.php(928): CodeIgniter\Database\BaseBuilder->get()
 4 APPPATH/Controllers/CommonController.php(12): CodeIgniter\Model->__call()
 5 SYSTEMPATH/CodeIgniter.php(903): App\Controllers\CommonController->__construct()
 6 SYSTEMPATH/CodeIgniter.php(498): CodeIgniter\CodeIgniter->createController()
 7 SYSTEMPATH/CodeIgniter.php(354): CodeIgniter\CodeIgniter->handleRequest()
 8 SYSTEMPATH/Boot.php(334): CodeIgniter\CodeIgniter->run()
 9 SYSTEMPATH/Boot.php(67): CodeIgniter\Boot::runCodeIgniter()
10 FCPATH/index.php(60): CodeIgniter\Boot::bootWeb()
ERROR - 2025-08-21 05:55:34 --> Error connecting to the database: mysqli_sql_exception: Access denied for user 'u810214334_entry_user'@'localhost' (using password: YES) in /home/u528034067/domains/myreceipe.in/public_html/system/Database/MySQLi/Connection.php:201
Stack trace:
#0 /home/u528034067/domains/myreceipe.in/public_html/system/Database/MySQLi/Connection.php(201): mysqli->real_connect()
#1 /home/u528034067/domains/myreceipe.in/public_html/system/Database/BaseConnection.php(421): CodeIgniter\Database\MySQLi\Connection->connect()
#2 /home/u528034067/domains/myreceipe.in/public_html/system/Database/BaseConnection.php(620): CodeIgniter\Database\BaseConnection->initialize()
#3 /home/u528034067/domains/myreceipe.in/public_html/system/Database/BaseBuilder.php(1649): CodeIgniter\Database\BaseConnection->query()
#4 /home/u528034067/domains/myreceipe.in/public_html/system/Model.php(928): CodeIgniter\Database\BaseBuilder->get()
#5 /home/u528034067/domains/myreceipe.in/public_html/app/Controllers/CommonController.php(12): CodeIgniter\Model->__call()
#6 /home/u528034067/domains/myreceipe.in/public_html/system/CodeIgniter.php(903): App\Controllers\CommonController->__construct()
#7 /home/u528034067/domains/myreceipe.in/public_html/system/CodeIgniter.php(498): CodeIgniter\CodeIgniter->createController()
#8 /home/u528034067/domains/myreceipe.in/public_html/system/CodeIgniter.php(354): CodeIgniter\CodeIgniter->handleRequest()
#9 /home/u528034067/domains/myreceipe.in/public_html/system/Boot.php(334): CodeIgniter\CodeIgniter->run()
#10 /home/u528034067/domains/myreceipe.in/public_html/system/Boot.php(67): CodeIgniter\Boot::runCodeIgniter()
#11 /home/u528034067/domains/myreceipe.in/public_html/index.php(60): CodeIgniter\Boot::bootWeb()
#12 {main}

Next CodeIgniter\Database\Exceptions\DatabaseException: Access denied for user '****'@'localhost' (using password: YES) in /home/u528034067/domains/myreceipe.in/public_html/system/Database/MySQLi/Connection.php:246
Stack trace:
#0 /home/u528034067/domains/myreceipe.in/public_html/system/Database/BaseConnection.php(421): CodeIgniter\Database\MySQLi\Connection->connect()
#1 /home/u528034067/domains/myreceipe.in/public_html/system/Database/BaseConnection.php(620): CodeIgniter\Database\BaseConnection->initialize()
#2 /home/u528034067/domains/myreceipe.in/public_html/system/Database/BaseBuilder.php(1649): CodeIgniter\Database\BaseConnection->query()
#3 /home/u528034067/domains/myreceipe.in/public_html/system/Model.php(928): CodeIgniter\Database\BaseBuilder->get()
#4 /home/u528034067/domains/myreceipe.in/public_html/app/Controllers/CommonController.php(12): CodeIgniter\Model->__call()
#5 /home/u528034067/domains/myreceipe.in/public_html/system/CodeIgniter.php(903): App\Controllers\CommonController->__construct()
#6 /home/u528034067/domains/myreceipe.in/public_html/system/CodeIgniter.php(498): CodeIgniter\CodeIgniter->createController()
#7 /home/u528034067/domains/myreceipe.in/public_html/system/CodeIgniter.php(354): CodeIgniter\CodeIgniter->handleRequest()
#8 /home/u528034067/domains/myreceipe.in/public_html/system/Boot.php(334): CodeIgniter\CodeIgniter->run()
#9 /home/u528034067/domains/myreceipe.in/public_html/system/Boot.php(67): CodeIgniter\Boot::runCodeIgniter()
#10 /home/u528034067/domains/myreceipe.in/public_html/index.php(60): CodeIgniter\Boot::bootWeb()
#11 {main}
CRITICAL - 2025-08-21 05:55:34 --> CodeIgniter\Database\Exceptions\DatabaseException: Unable to connect to the database.
Main connection [MySQLi]: Access denied for user '****'@'localhost' (using password: YES)
[Method: GET, Route: /]
in SYSTEMPATH/Database/BaseConnection.php on line 467.
 1 SYSTEMPATH/Database/BaseConnection.php(620): CodeIgniter\Database\BaseConnection->initialize()
 2 SYSTEMPATH/Database/BaseBuilder.php(1649): CodeIgniter\Database\BaseConnection->query()
 3 SYSTEMPATH/Model.php(928): CodeIgniter\Database\BaseBuilder->get()
 4 APPPATH/Controllers/CommonController.php(12): CodeIgniter\Model->__call()
 5 SYSTEMPATH/CodeIgniter.php(903): App\Controllers\CommonController->__construct()
 6 SYSTEMPATH/CodeIgniter.php(498): CodeIgniter\CodeIgniter->createController()
 7 SYSTEMPATH/CodeIgniter.php(354): CodeIgniter\CodeIgniter->handleRequest()
 8 SYSTEMPATH/Boot.php(334): CodeIgniter\CodeIgniter->run()
 9 SYSTEMPATH/Boot.php(67): CodeIgniter\Boot::runCodeIgniter()
10 FCPATH/index.php(60): CodeIgniter\Boot::bootWeb()
ERROR - 2025-08-21 05:55:51 --> Error connecting to the database: mysqli_sql_exception: Access denied for user 'u810214334_entry_user'@'localhost' (using password: YES) in /home/u528034067/domains/myreceipe.in/public_html/system/Database/MySQLi/Connection.php:201
Stack trace:
#0 /home/u528034067/domains/myreceipe.in/public_html/system/Database/MySQLi/Connection.php(201): mysqli->real_connect()
#1 /home/u528034067/domains/myreceipe.in/public_html/system/Database/BaseConnection.php(421): CodeIgniter\Database\MySQLi\Connection->connect()
#2 /home/u528034067/domains/myreceipe.in/public_html/system/Database/BaseConnection.php(620): CodeIgniter\Database\BaseConnection->initialize()
#3 /home/u528034067/domains/myreceipe.in/public_html/system/Database/BaseBuilder.php(1649): CodeIgniter\Database\BaseConnection->query()
#4 /home/u528034067/domains/myreceipe.in/public_html/system/Model.php(928): CodeIgniter\Database\BaseBuilder->get()
#5 /home/u528034067/domains/myreceipe.in/public_html/app/Controllers/CommonController.php(12): CodeIgniter\Model->__call()
#6 /home/u528034067/domains/myreceipe.in/public_html/system/CodeIgniter.php(903): App\Controllers\CommonController->__construct()
#7 /home/u528034067/domains/myreceipe.in/public_html/system/CodeIgniter.php(498): CodeIgniter\CodeIgniter->createController()
#8 /home/u528034067/domains/myreceipe.in/public_html/system/CodeIgniter.php(354): CodeIgniter\CodeIgniter->handleRequest()
#9 /home/u528034067/domains/myreceipe.in/public_html/system/Boot.php(334): CodeIgniter\CodeIgniter->run()
#10 /home/u528034067/domains/myreceipe.in/public_html/system/Boot.php(67): CodeIgniter\Boot::runCodeIgniter()
#11 /home/u528034067/domains/myreceipe.in/public_html/index.php(60): CodeIgniter\Boot::bootWeb()
#12 {main}

Next CodeIgniter\Database\Exceptions\DatabaseException: Access denied for user '****'@'localhost' (using password: YES) in /home/u528034067/domains/myreceipe.in/public_html/system/Database/MySQLi/Connection.php:246
Stack trace:
#0 /home/u528034067/domains/myreceipe.in/public_html/system/Database/BaseConnection.php(421): CodeIgniter\Database\MySQLi\Connection->connect()
#1 /home/u528034067/domains/myreceipe.in/public_html/system/Database/BaseConnection.php(620): CodeIgniter\Database\BaseConnection->initialize()
#2 /home/u528034067/domains/myreceipe.in/public_html/system/Database/BaseBuilder.php(1649): CodeIgniter\Database\BaseConnection->query()
#3 /home/u528034067/domains/myreceipe.in/public_html/system/Model.php(928): CodeIgniter\Database\BaseBuilder->get()
#4 /home/u528034067/domains/myreceipe.in/public_html/app/Controllers/CommonController.php(12): CodeIgniter\Model->__call()
#5 /home/u528034067/domains/myreceipe.in/public_html/system/CodeIgniter.php(903): App\Controllers\CommonController->__construct()
#6 /home/u528034067/domains/myreceipe.in/public_html/system/CodeIgniter.php(498): CodeIgniter\CodeIgniter->createController()
#7 /home/u528034067/domains/myreceipe.in/public_html/system/CodeIgniter.php(354): CodeIgniter\CodeIgniter->handleRequest()
#8 /home/u528034067/domains/myreceipe.in/public_html/system/Boot.php(334): CodeIgniter\CodeIgniter->run()
#9 /home/u528034067/domains/myreceipe.in/public_html/system/Boot.php(67): CodeIgniter\Boot::runCodeIgniter()
#10 /home/u528034067/domains/myreceipe.in/public_html/index.php(60): CodeIgniter\Boot::bootWeb()
#11 {main}
CRITICAL - 2025-08-21 05:55:51 --> CodeIgniter\Database\Exceptions\DatabaseException: Unable to connect to the database.
Main connection [MySQLi]: Access denied for user '****'@'localhost' (using password: YES)
[Method: GET, Route: /]
in SYSTEMPATH/Database/BaseConnection.php on line 467.
 1 SYSTEMPATH/Database/BaseConnection.php(620): CodeIgniter\Database\BaseConnection->initialize()
 2 SYSTEMPATH/Database/BaseBuilder.php(1649): CodeIgniter\Database\BaseConnection->query()
 3 SYSTEMPATH/Model.php(928): CodeIgniter\Database\BaseBuilder->get()
 4 APPPATH/Controllers/CommonController.php(12): CodeIgniter\Model->__call()
 5 SYSTEMPATH/CodeIgniter.php(903): App\Controllers\CommonController->__construct()
 6 SYSTEMPATH/CodeIgniter.php(498): CodeIgniter\CodeIgniter->createController()
 7 SYSTEMPATH/CodeIgniter.php(354): CodeIgniter\CodeIgniter->handleRequest()
 8 SYSTEMPATH/Boot.php(334): CodeIgniter\CodeIgniter->run()
 9 SYSTEMPATH/Boot.php(67): CodeIgniter\Boot::runCodeIgniter()
10 FCPATH/index.php(60): CodeIgniter\Boot::bootWeb()
ERROR - 2025-08-21 05:56:29 --> Error connecting to the database: mysqli_sql_exception: Access denied for user 'u810214334_entry_user'@'localhost' (using password: YES) in /home/u528034067/domains/myreceipe.in/public_html/system/Database/MySQLi/Connection.php:201
Stack trace:
#0 /home/u528034067/domains/myreceipe.in/public_html/system/Database/MySQLi/Connection.php(201): mysqli->real_connect()
#1 /home/u528034067/domains/myreceipe.in/public_html/system/Database/BaseConnection.php(421): CodeIgniter\Database\MySQLi\Connection->connect()
#2 /home/u528034067/domains/myreceipe.in/public_html/system/Database/BaseConnection.php(620): CodeIgniter\Database\BaseConnection->initialize()
#3 /home/u528034067/domains/myreceipe.in/public_html/system/Database/BaseBuilder.php(1649): CodeIgniter\Database\BaseConnection->query()
#4 /home/u528034067/domains/myreceipe.in/public_html/system/Model.php(928): CodeIgniter\Database\BaseBuilder->get()
#5 /home/u528034067/domains/myreceipe.in/public_html/app/Controllers/CommonController.php(12): CodeIgniter\Model->__call()
#6 /home/u528034067/domains/myreceipe.in/public_html/system/CodeIgniter.php(903): App\Controllers\CommonController->__construct()
#7 /home/u528034067/domains/myreceipe.in/public_html/system/CodeIgniter.php(498): CodeIgniter\CodeIgniter->createController()
#8 /home/u528034067/domains/myreceipe.in/public_html/system/CodeIgniter.php(354): CodeIgniter\CodeIgniter->handleRequest()
#9 /home/u528034067/domains/myreceipe.in/public_html/system/Boot.php(334): CodeIgniter\CodeIgniter->run()
#10 /home/u528034067/domains/myreceipe.in/public_html/system/Boot.php(67): CodeIgniter\Boot::runCodeIgniter()
#11 /home/u528034067/domains/myreceipe.in/public_html/index.php(60): CodeIgniter\Boot::bootWeb()
#12 {main}

Next CodeIgniter\Database\Exceptions\DatabaseException: Access denied for user '****'@'localhost' (using password: YES) in /home/u528034067/domains/myreceipe.in/public_html/system/Database/MySQLi/Connection.php:246
Stack trace:
#0 /home/u528034067/domains/myreceipe.in/public_html/system/Database/BaseConnection.php(421): CodeIgniter\Database\MySQLi\Connection->connect()
#1 /home/u528034067/domains/myreceipe.in/public_html/system/Database/BaseConnection.php(620): CodeIgniter\Database\BaseConnection->initialize()
#2 /home/u528034067/domains/myreceipe.in/public_html/system/Database/BaseBuilder.php(1649): CodeIgniter\Database\BaseConnection->query()
#3 /home/u528034067/domains/myreceipe.in/public_html/system/Model.php(928): CodeIgniter\Database\BaseBuilder->get()
#4 /home/u528034067/domains/myreceipe.in/public_html/app/Controllers/CommonController.php(12): CodeIgniter\Model->__call()
#5 /home/u528034067/domains/myreceipe.in/public_html/system/CodeIgniter.php(903): App\Controllers\CommonController->__construct()
#6 /home/u528034067/domains/myreceipe.in/public_html/system/CodeIgniter.php(498): CodeIgniter\CodeIgniter->createController()
#7 /home/u528034067/domains/myreceipe.in/public_html/system/CodeIgniter.php(354): CodeIgniter\CodeIgniter->handleRequest()
#8 /home/u528034067/domains/myreceipe.in/public_html/system/Boot.php(334): CodeIgniter\CodeIgniter->run()
#9 /home/u528034067/domains/myreceipe.in/public_html/system/Boot.php(67): CodeIgniter\Boot::runCodeIgniter()
#10 /home/u528034067/domains/myreceipe.in/public_html/index.php(60): CodeIgniter\Boot::bootWeb()
#11 {main}
CRITICAL - 2025-08-21 05:56:29 --> CodeIgniter\Database\Exceptions\DatabaseException: Unable to connect to the database.
Main connection [MySQLi]: Access denied for user '****'@'localhost' (using password: YES)
[Method: GET, Route: /]
in SYSTEMPATH/Database/BaseConnection.php on line 467.
 1 SYSTEMPATH/Database/BaseConnection.php(620): CodeIgniter\Database\BaseConnection->initialize()
 2 SYSTEMPATH/Database/BaseBuilder.php(1649): CodeIgniter\Database\BaseConnection->query()
 3 SYSTEMPATH/Model.php(928): CodeIgniter\Database\BaseBuilder->get()
 4 APPPATH/Controllers/CommonController.php(12): CodeIgniter\Model->__call()
 5 SYSTEMPATH/CodeIgniter.php(903): App\Controllers\CommonController->__construct()
 6 SYSTEMPATH/CodeIgniter.php(498): CodeIgniter\CodeIgniter->createController()
 7 SYSTEMPATH/CodeIgniter.php(354): CodeIgniter\CodeIgniter->handleRequest()
 8 SYSTEMPATH/Boot.php(334): CodeIgniter\CodeIgniter->run()
 9 SYSTEMPATH/Boot.php(67): CodeIgniter\Boot::runCodeIgniter()
10 FCPATH/index.php(60): CodeIgniter\Boot::bootWeb()
ERROR - 2025-08-21 06:55:12 --> Error connecting to the database: mysqli_sql_exception: Access denied for user 'u810214334_entry_user'@'localhost' (using password: YES) in /home/u528034067/domains/myreceipe.in/public_html/system/Database/MySQLi/Connection.php:201
Stack trace:
#0 /home/u528034067/domains/myreceipe.in/public_html/system/Database/MySQLi/Connection.php(201): mysqli->real_connect()
#1 /home/u528034067/domains/myreceipe.in/public_html/system/Database/BaseConnection.php(421): CodeIgniter\Database\MySQLi\Connection->connect()
#2 /home/u528034067/domains/myreceipe.in/public_html/system/Database/BaseConnection.php(620): CodeIgniter\Database\BaseConnection->initialize()
#3 /home/u528034067/domains/myreceipe.in/public_html/system/Database/BaseBuilder.php(1649): CodeIgniter\Database\BaseConnection->query()
#4 /home/u528034067/domains/myreceipe.in/public_html/system/Model.php(928): CodeIgniter\Database\BaseBuilder->get()
#5 /home/u528034067/domains/myreceipe.in/public_html/app/Controllers/CommonController.php(12): CodeIgniter\Model->__call()
#6 /home/u528034067/domains/myreceipe.in/public_html/system/CodeIgniter.php(903): App\Controllers\CommonController->__construct()
#7 /home/u528034067/domains/myreceipe.in/public_html/system/CodeIgniter.php(498): CodeIgniter\CodeIgniter->createController()
#8 /home/u528034067/domains/myreceipe.in/public_html/system/CodeIgniter.php(354): CodeIgniter\CodeIgniter->handleRequest()
#9 /home/u528034067/domains/myreceipe.in/public_html/system/Boot.php(334): CodeIgniter\CodeIgniter->run()
#10 /home/u528034067/domains/myreceipe.in/public_html/system/Boot.php(67): CodeIgniter\Boot::runCodeIgniter()
#11 /home/u528034067/domains/myreceipe.in/public_html/index.php(60): CodeIgniter\Boot::bootWeb()
#12 {main}

Next CodeIgniter\Database\Exceptions\DatabaseException: Access denied for user '****'@'localhost' (using password: YES) in /home/u528034067/domains/myreceipe.in/public_html/system/Database/MySQLi/Connection.php:246
Stack trace:
#0 /home/u528034067/domains/myreceipe.in/public_html/system/Database/BaseConnection.php(421): CodeIgniter\Database\MySQLi\Connection->connect()
#1 /home/u528034067/domains/myreceipe.in/public_html/system/Database/BaseConnection.php(620): CodeIgniter\Database\BaseConnection->initialize()
#2 /home/u528034067/domains/myreceipe.in/public_html/system/Database/BaseBuilder.php(1649): CodeIgniter\Database\BaseConnection->query()
#3 /home/u528034067/domains/myreceipe.in/public_html/system/Model.php(928): CodeIgniter\Database\BaseBuilder->get()
#4 /home/u528034067/domains/myreceipe.in/public_html/app/Controllers/CommonController.php(12): CodeIgniter\Model->__call()
#5 /home/u528034067/domains/myreceipe.in/public_html/system/CodeIgniter.php(903): App\Controllers\CommonController->__construct()
#6 /home/u528034067/domains/myreceipe.in/public_html/system/CodeIgniter.php(498): CodeIgniter\CodeIgniter->createController()
#7 /home/u528034067/domains/myreceipe.in/public_html/system/CodeIgniter.php(354): CodeIgniter\CodeIgniter->handleRequest()
#8 /home/u528034067/domains/myreceipe.in/public_html/system/Boot.php(334): CodeIgniter\CodeIgniter->run()
#9 /home/u528034067/domains/myreceipe.in/public_html/system/Boot.php(67): CodeIgniter\Boot::runCodeIgniter()
#10 /home/u528034067/domains/myreceipe.in/public_html/index.php(60): CodeIgniter\Boot::bootWeb()
#11 {main}
CRITICAL - 2025-08-21 06:55:12 --> CodeIgniter\Database\Exceptions\DatabaseException: Unable to connect to the database.
Main connection [MySQLi]: Access denied for user '****'@'localhost' (using password: YES)
[Method: GET, Route: /]
in SYSTEMPATH/Database/BaseConnection.php on line 467.
 1 SYSTEMPATH/Database/BaseConnection.php(620): CodeIgniter\Database\BaseConnection->initialize()
 2 SYSTEMPATH/Database/BaseBuilder.php(1649): CodeIgniter\Database\BaseConnection->query()
 3 SYSTEMPATH/Model.php(928): CodeIgniter\Database\BaseBuilder->get()
 4 APPPATH/Controllers/CommonController.php(12): CodeIgniter\Model->__call()
 5 SYSTEMPATH/CodeIgniter.php(903): App\Controllers\CommonController->__construct()
 6 SYSTEMPATH/CodeIgniter.php(498): CodeIgniter\CodeIgniter->createController()
 7 SYSTEMPATH/CodeIgniter.php(354): CodeIgniter\CodeIgniter->handleRequest()
 8 SYSTEMPATH/Boot.php(334): CodeIgniter\CodeIgniter->run()
 9 SYSTEMPATH/Boot.php(67): CodeIgniter\Boot::runCodeIgniter()
10 FCPATH/index.php(60): CodeIgniter\Boot::bootWeb()
ERROR - 2025-08-21 07:38:38 --> Error connecting to the database: mysqli_sql_exception: Access denied for user 'u810214334_entry_user'@'localhost' (using password: YES) in /home/u528034067/domains/myreceipe.in/public_html/system/Database/MySQLi/Connection.php:201
Stack trace:
#0 /home/u528034067/domains/myreceipe.in/public_html/system/Database/MySQLi/Connection.php(201): mysqli->real_connect()
#1 /home/u528034067/domains/myreceipe.in/public_html/system/Database/BaseConnection.php(421): CodeIgniter\Database\MySQLi\Connection->connect()
#2 /home/u528034067/domains/myreceipe.in/public_html/system/Database/BaseConnection.php(620): CodeIgniter\Database\BaseConnection->initialize()
#3 /home/u528034067/domains/myreceipe.in/public_html/system/Database/BaseBuilder.php(1649): CodeIgniter\Database\BaseConnection->query()
#4 /home/u528034067/domains/myreceipe.in/public_html/system/Model.php(928): CodeIgniter\Database\BaseBuilder->get()
#5 /home/u528034067/domains/myreceipe.in/public_html/app/Controllers/CommonController.php(12): CodeIgniter\Model->__call()
#6 /home/u528034067/domains/myreceipe.in/public_html/system/CodeIgniter.php(903): App\Controllers\CommonController->__construct()
#7 /home/u528034067/domains/myreceipe.in/public_html/system/CodeIgniter.php(498): CodeIgniter\CodeIgniter->createController()
#8 /home/u528034067/domains/myreceipe.in/public_html/system/CodeIgniter.php(354): CodeIgniter\CodeIgniter->handleRequest()
#9 /home/u528034067/domains/myreceipe.in/public_html/system/Boot.php(334): CodeIgniter\CodeIgniter->run()
#10 /home/u528034067/domains/myreceipe.in/public_html/system/Boot.php(67): CodeIgniter\Boot::runCodeIgniter()
#11 /home/u528034067/domains/myreceipe.in/public_html/index.php(60): CodeIgniter\Boot::bootWeb()
#12 {main}

Next CodeIgniter\Database\Exceptions\DatabaseException: Access denied for user '****'@'localhost' (using password: YES) in /home/u528034067/domains/myreceipe.in/public_html/system/Database/MySQLi/Connection.php:246
Stack trace:
#0 /home/u528034067/domains/myreceipe.in/public_html/system/Database/BaseConnection.php(421): CodeIgniter\Database\MySQLi\Connection->connect()
#1 /home/u528034067/domains/myreceipe.in/public_html/system/Database/BaseConnection.php(620): CodeIgniter\Database\BaseConnection->initialize()
#2 /home/u528034067/domains/myreceipe.in/public_html/system/Database/BaseBuilder.php(1649): CodeIgniter\Database\BaseConnection->query()
#3 /home/u528034067/domains/myreceipe.in/public_html/system/Model.php(928): CodeIgniter\Database\BaseBuilder->get()
#4 /home/u528034067/domains/myreceipe.in/public_html/app/Controllers/CommonController.php(12): CodeIgniter\Model->__call()
#5 /home/u528034067/domains/myreceipe.in/public_html/system/CodeIgniter.php(903): App\Controllers\CommonController->__construct()
#6 /home/u528034067/domains/myreceipe.in/public_html/system/CodeIgniter.php(498): CodeIgniter\CodeIgniter->createController()
#7 /home/u528034067/domains/myreceipe.in/public_html/system/CodeIgniter.php(354): CodeIgniter\CodeIgniter->handleRequest()
#8 /home/u528034067/domains/myreceipe.in/public_html/system/Boot.php(334): CodeIgniter\CodeIgniter->run()
#9 /home/u528034067/domains/myreceipe.in/public_html/system/Boot.php(67): CodeIgniter\Boot::runCodeIgniter()
#10 /home/u528034067/domains/myreceipe.in/public_html/index.php(60): CodeIgniter\Boot::bootWeb()
#11 {main}
CRITICAL - 2025-08-21 07:38:38 --> CodeIgniter\Database\Exceptions\DatabaseException: Unable to connect to the database.
Main connection [MySQLi]: Access denied for user '****'@'localhost' (using password: YES)
[Method: GET, Route: /]
in SYSTEMPATH/Database/BaseConnection.php on line 467.
 1 SYSTEMPATH/Database/BaseConnection.php(620): CodeIgniter\Database\BaseConnection->initialize()
 2 SYSTEMPATH/Database/BaseBuilder.php(1649): CodeIgniter\Database\BaseConnection->query()
 3 SYSTEMPATH/Model.php(928): CodeIgniter\Database\BaseBuilder->get()
 4 APPPATH/Controllers/CommonController.php(12): CodeIgniter\Model->__call()
 5 SYSTEMPATH/CodeIgniter.php(903): App\Controllers\CommonController->__construct()
 6 SYSTEMPATH/CodeIgniter.php(498): CodeIgniter\CodeIgniter->createController()
 7 SYSTEMPATH/CodeIgniter.php(354): CodeIgniter\CodeIgniter->handleRequest()
 8 SYSTEMPATH/Boot.php(334): CodeIgniter\CodeIgniter->run()
 9 SYSTEMPATH/Boot.php(67): CodeIgniter\Boot::runCodeIgniter()
10 FCPATH/index.php(60): CodeIgniter\Boot::bootWeb()
ERROR - 2025-08-21 08:02:30 --> Error connecting to the database: mysqli_sql_exception: Access denied for user 'u810214334_entry_user'@'localhost' (using password: YES) in /home/u528034067/domains/myreceipe.in/public_html/system/Database/MySQLi/Connection.php:201
Stack trace:
#0 /home/u528034067/domains/myreceipe.in/public_html/system/Database/MySQLi/Connection.php(201): mysqli->real_connect()
#1 /home/u528034067/domains/myreceipe.in/public_html/system/Database/BaseConnection.php(421): CodeIgniter\Database\MySQLi\Connection->connect()
#2 /home/u528034067/domains/myreceipe.in/public_html/system/Database/BaseConnection.php(620): CodeIgniter\Database\BaseConnection->initialize()
#3 /home/u528034067/domains/myreceipe.in/public_html/system/Database/BaseBuilder.php(1649): CodeIgniter\Database\BaseConnection->query()
#4 /home/u528034067/domains/myreceipe.in/public_html/system/Model.php(928): CodeIgniter\Database\BaseBuilder->get()
#5 /home/u528034067/domains/myreceipe.in/public_html/app/Controllers/CommonController.php(12): CodeIgniter\Model->__call()
#6 /home/u528034067/domains/myreceipe.in/public_html/system/CodeIgniter.php(903): App\Controllers\CommonController->__construct()
#7 /home/u528034067/domains/myreceipe.in/public_html/system/CodeIgniter.php(498): CodeIgniter\CodeIgniter->createController()
#8 /home/u528034067/domains/myreceipe.in/public_html/system/CodeIgniter.php(354): CodeIgniter\CodeIgniter->handleRequest()
#9 /home/u528034067/domains/myreceipe.in/public_html/system/Boot.php(334): CodeIgniter\CodeIgniter->run()
#10 /home/u528034067/domains/myreceipe.in/public_html/system/Boot.php(67): CodeIgniter\Boot::runCodeIgniter()
#11 /home/u528034067/domains/myreceipe.in/public_html/index.php(60): CodeIgniter\Boot::bootWeb()
#12 {main}

Next CodeIgniter\Database\Exceptions\DatabaseException: Access denied for user '****'@'localhost' (using password: YES) in /home/u528034067/domains/myreceipe.in/public_html/system/Database/MySQLi/Connection.php:246
Stack trace:
#0 /home/u528034067/domains/myreceipe.in/public_html/system/Database/BaseConnection.php(421): CodeIgniter\Database\MySQLi\Connection->connect()
#1 /home/u528034067/domains/myreceipe.in/public_html/system/Database/BaseConnection.php(620): CodeIgniter\Database\BaseConnection->initialize()
#2 /home/u528034067/domains/myreceipe.in/public_html/system/Database/BaseBuilder.php(1649): CodeIgniter\Database\BaseConnection->query()
#3 /home/u528034067/domains/myreceipe.in/public_html/system/Model.php(928): CodeIgniter\Database\BaseBuilder->get()
#4 /home/u528034067/domains/myreceipe.in/public_html/app/Controllers/CommonController.php(12): CodeIgniter\Model->__call()
#5 /home/u528034067/domains/myreceipe.in/public_html/system/CodeIgniter.php(903): App\Controllers\CommonController->__construct()
#6 /home/u528034067/domains/myreceipe.in/public_html/system/CodeIgniter.php(498): CodeIgniter\CodeIgniter->createController()
#7 /home/u528034067/domains/myreceipe.in/public_html/system/CodeIgniter.php(354): CodeIgniter\CodeIgniter->handleRequest()
#8 /home/u528034067/domains/myreceipe.in/public_html/system/Boot.php(334): CodeIgniter\CodeIgniter->run()
#9 /home/u528034067/domains/myreceipe.in/public_html/system/Boot.php(67): CodeIgniter\Boot::runCodeIgniter()
#10 /home/u528034067/domains/myreceipe.in/public_html/index.php(60): CodeIgniter\Boot::bootWeb()
#11 {main}
CRITICAL - 2025-08-21 08:02:30 --> CodeIgniter\Database\Exceptions\DatabaseException: Unable to connect to the database.
Main connection [MySQLi]: Access denied for user '****'@'localhost' (using password: YES)
[Method: GET, Route: /]
in SYSTEMPATH/Database/BaseConnection.php on line 467.
 1 SYSTEMPATH/Database/BaseConnection.php(620): CodeIgniter\Database\BaseConnection->initialize()
 2 SYSTEMPATH/Database/BaseBuilder.php(1649): CodeIgniter\Database\BaseConnection->query()
 3 SYSTEMPATH/Model.php(928): CodeIgniter\Database\BaseBuilder->get()
 4 APPPATH/Controllers/CommonController.php(12): CodeIgniter\Model->__call()
 5 SYSTEMPATH/CodeIgniter.php(903): App\Controllers\CommonController->__construct()
 6 SYSTEMPATH/CodeIgniter.php(498): CodeIgniter\CodeIgniter->createController()
 7 SYSTEMPATH/CodeIgniter.php(354): CodeIgniter\CodeIgniter->handleRequest()
 8 SYSTEMPATH/Boot.php(334): CodeIgniter\CodeIgniter->run()
 9 SYSTEMPATH/Boot.php(67): CodeIgniter\Boot::runCodeIgniter()
10 FCPATH/index.php(60): CodeIgniter\Boot::bootWeb()
DEBUG - 2025-08-21 08:04:44 --> Session: Class initialized using 'CodeIgniter\Session\Handlers\FileHandler' driver.
DEBUG - 2025-08-21 08:04:56 --> Session: Class initialized using 'CodeIgniter\Session\Handlers\FileHandler' driver.
INFO - 2025-08-21 08:05:11 --> CSRF token verified.
DEBUG - 2025-08-21 08:05:11 --> Session: Class initialized using 'CodeIgniter\Session\Handlers\FileHandler' driver.
DEBUG - 2025-08-21 08:05:11 --> Session: Class initialized using 'CodeIgniter\Session\Handlers\FileHandler' driver.
DEBUG - 2025-08-21 08:05:17 --> Session: Class initialized using 'CodeIgniter\Session\Handlers\FileHandler' driver.
DEBUG - 2025-08-21 08:05:30 --> Session: Class initialized using 'CodeIgniter\Session\Handlers\FileHandler' driver.
DEBUG - 2025-08-21 08:05:40 --> Session: Class initialized using 'CodeIgniter\Session\Handlers\FileHandler' driver.
DEBUG - 2025-08-21 08:05:45 --> Session: Class initialized using 'CodeIgniter\Session\Handlers\FileHandler' driver.
DEBUG - 2025-08-21 08:05:53 --> Session: Class initialized using 'CodeIgniter\Session\Handlers\FileHandler' driver.
DEBUG - 2025-08-21 08:06:36 --> Session: Class initialized using 'CodeIgniter\Session\Handlers\FileHandler' driver.
DEBUG - 2025-08-21 08:06:52 --> Session: Class initialized using 'CodeIgniter\Session\Handlers\FileHandler' driver.
DEBUG - 2025-08-21 08:07:12 --> Session: Class initialized using 'CodeIgniter\Session\Handlers\FileHandler' driver.
DEBUG - 2025-08-21 08:17:47 --> Session: Class initialized using 'CodeIgniter\Session\Handlers\FileHandler' driver.
DEBUG - 2025-08-21 09:26:56 --> Session: Class initialized using 'CodeIgniter\Session\Handlers\FileHandler' driver.
DEBUG - 2025-08-21 11:50:17 --> Session: Class initialized using 'CodeIgniter\Session\Handlers\FileHandler' driver.
DEBUG - 2025-08-21 12:11:38 --> Session: Class initialized using 'CodeIgniter\Session\Handlers\FileHandler' driver.
DEBUG - 2025-08-21 12:12:03 --> Session: Class initialized using 'CodeIgniter\Session\Handlers\FileHandler' driver.
DEBUG - 2025-08-21 16:18:20 --> Session: Class initialized using 'CodeIgniter\Session\Handlers\FileHandler' driver.
DEBUG - 2025-08-21 16:18:20 --> Session: Class initialized using 'CodeIgniter\Session\Handlers\FileHandler' driver.
