CRITICAL - 2025-10-13 00:27:25 --> CodeIgniter\HTTP\Exceptions\BadRequestException: The URI you submitted has disallowed characters: "super 2 in 1 dumpling maker (yellow) 2pk-335175561739"
[Method: GET, Route: products/super%202%20in%201%20dumpling%20maker%20%28yellow%29%202pk-335175561739]
in SYSTEMPATH/Router/Router.php on line 739.
 1 SYSTEMPATH/Router/Router.php(207): CodeIgniter\Router\Router->checkDisallowedChars()
 2 SYSTEMPATH/CodeIgniter.php(832): CodeIgniter\Router\Router->handle()
 3 SYSTEMPATH/CodeIgniter.php(455): CodeIgniter\CodeIgniter->tryToRouteIt()
 4 SYSTEMPATH/CodeIgniter.php(354): CodeIgniter\CodeIgniter->handleRequest()
 5 SYSTEMPATH/Boot.php(334): CodeIgniter\CodeIgniter->run()
 6 SYSTEMPATH/Boot.php(67): CodeIgniter\Boot::runCodeIgniter()
 7 FCPATH/index.php(59): CodeIgniter\Boot::bootWeb()
CRITICAL - 2025-10-13 07:25:31 --> CodeIgniter\HTTP\Exceptions\BadRequestException: The URI you submitted has disallowed characters: "<"
[Method: GET, Route: %3C]
in SYSTEMPATH/Router/Router.php on line 739.
 1 SYSTEMPATH/Router/Router.php(207): CodeIgniter\Router\Router->checkDisallowedChars()
 2 SYSTEMPATH/CodeIgniter.php(832): CodeIgniter\Router\Router->handle()
 3 SYSTEMPATH/CodeIgniter.php(455): CodeIgniter\CodeIgniter->tryToRouteIt()
 4 SYSTEMPATH/CodeIgniter.php(354): CodeIgniter\CodeIgniter->handleRequest()
 5 SYSTEMPATH/Boot.php(334): CodeIgniter\CodeIgniter->run()
 6 SYSTEMPATH/Boot.php(67): CodeIgniter\Boot::runCodeIgniter()
 7 FCPATH/main.php(60): CodeIgniter\Boot::bootWeb()
 8 FCPATH/index.php(1): include('/home/u810214334/domains/superutensil.com/public_html/main.php')
CRITICAL - 2025-10-13 13:41:25 --> CodeIgniter\HTTP\Exceptions\BadRequestException: The URI you submitted has disallowed characters: "<"
[Method: GET, Route: %3C]
in SYSTEMPATH/Router/Router.php on line 739.
 1 SYSTEMPATH/Router/Router.php(207): CodeIgniter\Router\Router->checkDisallowedChars()
 2 SYSTEMPATH/CodeIgniter.php(832): CodeIgniter\Router\Router->handle()
 3 SYSTEMPATH/CodeIgniter.php(455): CodeIgniter\CodeIgniter->tryToRouteIt()
 4 SYSTEMPATH/CodeIgniter.php(354): CodeIgniter\CodeIgniter->handleRequest()
 5 SYSTEMPATH/Boot.php(334): CodeIgniter\CodeIgniter->run()
 6 SYSTEMPATH/Boot.php(67): CodeIgniter\Boot::runCodeIgniter()
 7 FCPATH/main.php(60): CodeIgniter\Boot::bootWeb()
 8 FCPATH/index.php(1): include('/home/u810214334/domains/superutensil.com/public_html/main.php')
CRITICAL - 2025-10-13 13:48:13 --> CodeIgniter\HTTP\Exceptions\BadRequestException: The URI you submitted has disallowed characters: "<"
[Method: GET, Route: %3C]
in SYSTEMPATH/Router/Router.php on line 739.
 1 SYSTEMPATH/Router/Router.php(207): CodeIgniter\Router\Router->checkDisallowedChars()
 2 SYSTEMPATH/CodeIgniter.php(832): CodeIgniter\Router\Router->handle()
 3 SYSTEMPATH/CodeIgniter.php(455): CodeIgniter\CodeIgniter->tryToRouteIt()
 4 SYSTEMPATH/CodeIgniter.php(354): CodeIgniter\CodeIgniter->handleRequest()
 5 SYSTEMPATH/Boot.php(334): CodeIgniter\CodeIgniter->run()
 6 SYSTEMPATH/Boot.php(67): CodeIgniter\Boot::runCodeIgniter()
 7 FCPATH/main.php(60): CodeIgniter\Boot::bootWeb()
 8 FCPATH/index.php(1): include('/home/u810214334/domains/superutensil.com/public_html/main.php')
CRITICAL - 2025-10-13 15:26:58 --> CodeIgniter\HTTP\Exceptions\BadRequestException: The URI you submitted has disallowed characters: "super manual knife sharpener (red)-335166548491"
[Method: GET, Route: products/super%20manual%20knife%20sharpener%20%28red%29-335166548491]
in SYSTEMPATH/Router/Router.php on line 739.
 1 SYSTEMPATH/Router/Router.php(207): CodeIgniter\Router\Router->checkDisallowedChars()
 2 SYSTEMPATH/CodeIgniter.php(832): CodeIgniter\Router\Router->handle()
 3 SYSTEMPATH/CodeIgniter.php(455): CodeIgniter\CodeIgniter->tryToRouteIt()
 4 SYSTEMPATH/CodeIgniter.php(354): CodeIgniter\CodeIgniter->handleRequest()
 5 SYSTEMPATH/Boot.php(334): CodeIgniter\CodeIgniter->run()
 6 SYSTEMPATH/Boot.php(67): CodeIgniter\Boot::runCodeIgniter()
 7 FCPATH/index.php(59): CodeIgniter\Boot::bootWeb()
ERROR - 2025-10-13 15:50:22 --> mysqli_sql_exception: Table 'u810214334_utensil.orders' doesn't exist in /home/u810214334/domains/superutensil.com/public_html/system/Database/MySQLi/Connection.php:327
Stack trace:
#0 /home/u810214334/domains/superutensil.com/public_html/system/Database/MySQLi/Connection.php(327): mysqli->query()
#1 /home/u810214334/domains/superutensil.com/public_html/system/Database/BaseConnection.php(738): CodeIgniter\Database\MySQLi\Connection->execute()
#2 /home/u810214334/domains/superutensil.com/public_html/system/Database/BaseConnection.php(652): CodeIgniter\Database\BaseConnection->simpleQuery()
#3 /home/u810214334/domains/superutensil.com/public_html/system/Database/BaseBuilder.php(2521): CodeIgniter\Database\BaseConnection->query()
#4 /home/u810214334/domains/superutensil.com/public_html/app/Controllers/Paypal.php(37): CodeIgniter\Database\BaseBuilder->update()
#5 /home/u810214334/domains/superutensil.com/public_html/system/CodeIgniter.php(933): App\Controllers\Paypal->success()
#6 /home/u810214334/domains/superutensil.com/public_html/system/CodeIgniter.php(507): CodeIgniter\CodeIgniter->runController()
#7 /home/u810214334/domains/superutensil.com/public_html/system/CodeIgniter.php(354): CodeIgniter\CodeIgniter->handleRequest()
#8 /home/u810214334/domains/superutensil.com/public_html/system/Boot.php(334): CodeIgniter\CodeIgniter->run()
#9 /home/u810214334/domains/superutensil.com/public_html/system/Boot.php(67): CodeIgniter\Boot::runCodeIgniter()
#10 /home/u810214334/domains/superutensil.com/public_html/main.php(60): CodeIgniter\Boot::bootWeb()
#11 /home/u810214334/domains/superutensil.com/public_html/index.php(1): include('/home/u81021433...')
#12 {main}
CRITICAL - 2025-10-13 15:50:22 --> CodeIgniter\Database\Exceptions\DatabaseException: Table 'u810214334_utensil.orders' doesn't exist
[Method: GET, Route: paypal/success]
in SYSTEMPATH/Database/BaseConnection.php on line 692.
 1 SYSTEMPATH/Database/BaseBuilder.php(2521): CodeIgniter\Database\BaseConnection->query()
 2 APPPATH/Controllers/Paypal.php(37): CodeIgniter\Database\BaseBuilder->update()
 3 SYSTEMPATH/CodeIgniter.php(933): App\Controllers\Paypal->success()
 4 SYSTEMPATH/CodeIgniter.php(507): CodeIgniter\CodeIgniter->runController()
 5 SYSTEMPATH/CodeIgniter.php(354): CodeIgniter\CodeIgniter->handleRequest()
 6 SYSTEMPATH/Boot.php(334): CodeIgniter\CodeIgniter->run()
 7 SYSTEMPATH/Boot.php(67): CodeIgniter\Boot::runCodeIgniter()
 8 FCPATH/main.php(60): CodeIgniter\Boot::bootWeb()
 9 FCPATH/index.php(1): include('/home/u810214334/domains/superutensil.com/public_html/main.php')
CRITICAL - 2025-10-13 15:50:22 --> [Caused by] CodeIgniter\Database\Exceptions\DatabaseException: Table 'u810214334_utensil.orders' doesn't exist
in SYSTEMPATH/Database/MySQLi/Connection.php on line 332.
 1 SYSTEMPATH/Database/BaseConnection.php(738): CodeIgniter\Database\MySQLi\Connection->execute()
 2 SYSTEMPATH/Database/BaseConnection.php(652): CodeIgniter\Database\BaseConnection->simpleQuery()
 3 SYSTEMPATH/Database/BaseBuilder.php(2521): CodeIgniter\Database\BaseConnection->query()
 4 APPPATH/Controllers/Paypal.php(37): CodeIgniter\Database\BaseBuilder->update()
 5 SYSTEMPATH/CodeIgniter.php(933): App\Controllers\Paypal->success()
 6 SYSTEMPATH/CodeIgniter.php(507): CodeIgniter\CodeIgniter->runController()
 7 SYSTEMPATH/CodeIgniter.php(354): CodeIgniter\CodeIgniter->handleRequest()
 8 SYSTEMPATH/Boot.php(334): CodeIgniter\CodeIgniter->run()
 9 SYSTEMPATH/Boot.php(67): CodeIgniter\Boot::runCodeIgniter()
10 FCPATH/main.php(60): CodeIgniter\Boot::bootWeb()
11 FCPATH/index.php(1): include('/home/u810214334/domains/superutensil.com/public_html/main.php')
CRITICAL - 2025-10-13 15:50:22 --> [Caused by] mysqli_sql_exception: Table 'u810214334_utensil.orders' doesn't exist
in SYSTEMPATH/Database/MySQLi/Connection.php on line 327.
 1 SYSTEMPATH/Database/MySQLi/Connection.php(327): mysqli->query()
 2 SYSTEMPATH/Database/BaseConnection.php(738): CodeIgniter\Database\MySQLi\Connection->execute()
 3 SYSTEMPATH/Database/BaseConnection.php(652): CodeIgniter\Database\BaseConnection->simpleQuery()
 4 SYSTEMPATH/Database/BaseBuilder.php(2521): CodeIgniter\Database\BaseConnection->query()
 5 APPPATH/Controllers/Paypal.php(37): CodeIgniter\Database\BaseBuilder->update()
 6 SYSTEMPATH/CodeIgniter.php(933): App\Controllers\Paypal->success()
 7 SYSTEMPATH/CodeIgniter.php(507): CodeIgniter\CodeIgniter->runController()
 8 SYSTEMPATH/CodeIgniter.php(354): CodeIgniter\CodeIgniter->handleRequest()
 9 SYSTEMPATH/Boot.php(334): CodeIgniter\CodeIgniter->run()
10 SYSTEMPATH/Boot.php(67): CodeIgniter\Boot::runCodeIgniter()
11 FCPATH/main.php(60): CodeIgniter\Boot::bootWeb()
12 FCPATH/index.php(1): include('/home/u810214334/domains/superutensil.com/public_html/main.php')
DEBUG - 2025-10-13 15:51:51 --> Session: Class initialized using 'CodeIgniter\Session\Handlers\FileHandler' driver.
DEBUG - 2025-10-13 15:51:54 --> Session: Class initialized using 'CodeIgniter\Session\Handlers\FileHandler' driver.
INFO - 2025-10-13 15:52:01 --> CSRF token verified.
DEBUG - 2025-10-13 15:52:01 --> Session: Class initialized using 'CodeIgniter\Session\Handlers\FileHandler' driver.
DEBUG - 2025-10-13 15:52:04 --> Session: Class initialized using 'CodeIgniter\Session\Handlers\FileHandler' driver.
DEBUG - 2025-10-13 15:52:05 --> Session: Class initialized using 'CodeIgniter\Session\Handlers\FileHandler' driver.
DEBUG - 2025-10-13 15:52:07 --> Session: Class initialized using 'CodeIgniter\Session\Handlers\FileHandler' driver.
INFO - 2025-10-13 15:52:11 --> CSRF token verified.
DEBUG - 2025-10-13 15:52:11 --> Session: Class initialized using 'CodeIgniter\Session\Handlers\FileHandler' driver.
ERROR - 2025-10-13 15:52:46 --> mysqli_sql_exception: Table 'u810214334_utensil.orders' doesn't exist in /home/u810214334/domains/superutensil.com/public_html/system/Database/MySQLi/Connection.php:327
Stack trace:
#0 /home/u810214334/domains/superutensil.com/public_html/system/Database/MySQLi/Connection.php(327): mysqli->query()
#1 /home/u810214334/domains/superutensil.com/public_html/system/Database/BaseConnection.php(738): CodeIgniter\Database\MySQLi\Connection->execute()
#2 /home/u810214334/domains/superutensil.com/public_html/system/Database/BaseConnection.php(652): CodeIgniter\Database\BaseConnection->simpleQuery()
#3 /home/u810214334/domains/superutensil.com/public_html/system/Database/BaseBuilder.php(2521): CodeIgniter\Database\BaseConnection->query()
#4 /home/u810214334/domains/superutensil.com/public_html/app/Controllers/Paypal.php(37): CodeIgniter\Database\BaseBuilder->update()
#5 /home/u810214334/domains/superutensil.com/public_html/system/CodeIgniter.php(933): App\Controllers\Paypal->success()
#6 /home/u810214334/domains/superutensil.com/public_html/system/CodeIgniter.php(507): CodeIgniter\CodeIgniter->runController()
#7 /home/u810214334/domains/superutensil.com/public_html/system/CodeIgniter.php(354): CodeIgniter\CodeIgniter->handleRequest()
#8 /home/u810214334/domains/superutensil.com/public_html/system/Boot.php(334): CodeIgniter\CodeIgniter->run()
#9 /home/u810214334/domains/superutensil.com/public_html/system/Boot.php(67): CodeIgniter\Boot::runCodeIgniter()
#10 /home/u810214334/domains/superutensil.com/public_html/main.php(60): CodeIgniter\Boot::bootWeb()
#11 /home/u810214334/domains/superutensil.com/public_html/index.php(1): include('/home/u81021433...')
#12 {main}
CRITICAL - 2025-10-13 15:52:46 --> CodeIgniter\Database\Exceptions\DatabaseException: Table 'u810214334_utensil.orders' doesn't exist
[Method: GET, Route: paypal/success]
in SYSTEMPATH/Database/BaseConnection.php on line 692.
 1 SYSTEMPATH/Database/BaseBuilder.php(2521): CodeIgniter\Database\BaseConnection->query()
 2 APPPATH/Controllers/Paypal.php(37): CodeIgniter\Database\BaseBuilder->update()
 3 SYSTEMPATH/CodeIgniter.php(933): App\Controllers\Paypal->success()
 4 SYSTEMPATH/CodeIgniter.php(507): CodeIgniter\CodeIgniter->runController()
 5 SYSTEMPATH/CodeIgniter.php(354): CodeIgniter\CodeIgniter->handleRequest()
 6 SYSTEMPATH/Boot.php(334): CodeIgniter\CodeIgniter->run()
 7 SYSTEMPATH/Boot.php(67): CodeIgniter\Boot::runCodeIgniter()
 8 FCPATH/main.php(60): CodeIgniter\Boot::bootWeb()
 9 FCPATH/index.php(1): include('/home/u810214334/domains/superutensil.com/public_html/main.php')
CRITICAL - 2025-10-13 15:52:46 --> [Caused by] CodeIgniter\Database\Exceptions\DatabaseException: Table 'u810214334_utensil.orders' doesn't exist
in SYSTEMPATH/Database/MySQLi/Connection.php on line 332.
 1 SYSTEMPATH/Database/BaseConnection.php(738): CodeIgniter\Database\MySQLi\Connection->execute()
 2 SYSTEMPATH/Database/BaseConnection.php(652): CodeIgniter\Database\BaseConnection->simpleQuery()
 3 SYSTEMPATH/Database/BaseBuilder.php(2521): CodeIgniter\Database\BaseConnection->query()
 4 APPPATH/Controllers/Paypal.php(37): CodeIgniter\Database\BaseBuilder->update()
 5 SYSTEMPATH/CodeIgniter.php(933): App\Controllers\Paypal->success()
 6 SYSTEMPATH/CodeIgniter.php(507): CodeIgniter\CodeIgniter->runController()
 7 SYSTEMPATH/CodeIgniter.php(354): CodeIgniter\CodeIgniter->handleRequest()
 8 SYSTEMPATH/Boot.php(334): CodeIgniter\CodeIgniter->run()
 9 SYSTEMPATH/Boot.php(67): CodeIgniter\Boot::runCodeIgniter()
10 FCPATH/main.php(60): CodeIgniter\Boot::bootWeb()
11 FCPATH/index.php(1): include('/home/u810214334/domains/superutensil.com/public_html/main.php')
CRITICAL - 2025-10-13 15:52:46 --> [Caused by] mysqli_sql_exception: Table 'u810214334_utensil.orders' doesn't exist
in SYSTEMPATH/Database/MySQLi/Connection.php on line 327.
 1 SYSTEMPATH/Database/MySQLi/Connection.php(327): mysqli->query()
 2 SYSTEMPATH/Database/BaseConnection.php(738): CodeIgniter\Database\MySQLi\Connection->execute()
 3 SYSTEMPATH/Database/BaseConnection.php(652): CodeIgniter\Database\BaseConnection->simpleQuery()
 4 SYSTEMPATH/Database/BaseBuilder.php(2521): CodeIgniter\Database\BaseConnection->query()
 5 APPPATH/Controllers/Paypal.php(37): CodeIgniter\Database\BaseBuilder->update()
 6 SYSTEMPATH/CodeIgniter.php(933): App\Controllers\Paypal->success()
 7 SYSTEMPATH/CodeIgniter.php(507): CodeIgniter\CodeIgniter->runController()
 8 SYSTEMPATH/CodeIgniter.php(354): CodeIgniter\CodeIgniter->handleRequest()
 9 SYSTEMPATH/Boot.php(334): CodeIgniter\CodeIgniter->run()
10 SYSTEMPATH/Boot.php(67): CodeIgniter\Boot::runCodeIgniter()
11 FCPATH/main.php(60): CodeIgniter\Boot::bootWeb()
12 FCPATH/index.php(1): include('/home/u810214334/domains/superutensil.com/public_html/main.php')
DEBUG - 2025-10-13 15:54:00 --> Session: Class initialized using 'CodeIgniter\Session\Handlers\FileHandler' driver.
DEBUG - 2025-10-13 15:54:03 --> Session: Class initialized using 'CodeIgniter\Session\Handlers\FileHandler' driver.
INFO - 2025-10-13 15:54:08 --> CSRF token verified.
DEBUG - 2025-10-13 15:54:08 --> Session: Class initialized using 'CodeIgniter\Session\Handlers\FileHandler' driver.
DEBUG - 2025-10-13 15:54:10 --> Session: Class initialized using 'CodeIgniter\Session\Handlers\FileHandler' driver.
DEBUG - 2025-10-13 15:54:10 --> Session: Class initialized using 'CodeIgniter\Session\Handlers\FileHandler' driver.
DEBUG - 2025-10-13 15:54:13 --> Session: Class initialized using 'CodeIgniter\Session\Handlers\FileHandler' driver.
INFO - 2025-10-13 15:54:16 --> CSRF token verified.
DEBUG - 2025-10-13 15:54:16 --> Session: Class initialized using 'CodeIgniter\Session\Handlers\FileHandler' driver.
DEBUG - 2025-10-13 15:54:57 --> Session: Class initialized using 'CodeIgniter\Session\Handlers\FileHandler' driver.
DEBUG - 2025-10-13 15:55:21 --> Session: Class initialized using 'CodeIgniter\Session\Handlers\FileHandler' driver.
DEBUG - 2025-10-13 16:07:02 --> Session: Class initialized using 'CodeIgniter\Session\Handlers\FileHandler' driver.
DEBUG - 2025-10-13 16:07:07 --> Session: Class initialized using 'CodeIgniter\Session\Handlers\FileHandler' driver.
DEBUG - 2025-10-13 16:07:07 --> Session: Class initialized using 'CodeIgniter\Session\Handlers\FileHandler' driver.
DEBUG - 2025-10-13 16:07:08 --> Session: Class initialized using 'CodeIgniter\Session\Handlers\FileHandler' driver.
DEBUG - 2025-10-13 16:07:10 --> Session: Class initialized using 'CodeIgniter\Session\Handlers\FileHandler' driver.
DEBUG - 2025-10-13 16:07:11 --> Session: Class initialized using 'CodeIgniter\Session\Handlers\FileHandler' driver.
DEBUG - 2025-10-13 16:07:36 --> Session: Class initialized using 'CodeIgniter\Session\Handlers\FileHandler' driver.
DEBUG - 2025-10-13 17:21:06 --> Session: Class initialized using 'CodeIgniter\Session\Handlers\FileHandler' driver.
DEBUG - 2025-10-13 17:28:05 --> Session: Class initialized using 'CodeIgniter\Session\Handlers\FileHandler' driver.
DEBUG - 2025-10-13 18:32:41 --> Session: Class initialized using 'CodeIgniter\Session\Handlers\FileHandler' driver.
